2018-07-13 18:48:29,341 INFO  [restartedMain] WmsApplication: Starting WmsApplication on ChoodeMacBook-Pro.local with PID 15480 (/Users/choostefan/Work/IdeaWorkspace/wms/target/classes started by choostefan in /Users/choostefan/Work/IdeaWorkspace/wms)
2018-07-13 18:48:29,341 DEBUG [restartedMain] WmsApplication: Running with Spring Boot v2.0.3.RELEASE, Spring v5.0.7.RELEASE
2018-07-13 18:48:29,342 INFO  [restartedMain] WmsApplication: No active profile set, falling back to default profiles: default
2018-07-13 18:48:30,708 WARN  [restartedMain] JpaBaseConfiguration$JpaWebConfiguration$JpaWebMvcConfiguration: spring.jpa.open-in-view is enabled by default. Therefore, database queries may be performed during view rendering. Explicitly configure spring.jpa.open-in-view to disable this warning
2018-07-13 18:48:30,812 INFO  [restartedMain] WmsApplication: Started WmsApplication in 1.69 seconds (JVM running for 256.923)
2018-07-13 18:48:41,101 INFO  [restartedMain] WmsApplication: Starting WmsApplication on ChoodeMacBook-Pro.local with PID 15480 (/Users/choostefan/Work/IdeaWorkspace/wms/target/classes started by choostefan in /Users/choostefan/Work/IdeaWorkspace/wms)
2018-07-13 18:48:41,101 DEBUG [restartedMain] WmsApplication: Running with Spring Boot v2.0.3.RELEASE, Spring v5.0.7.RELEASE
2018-07-13 18:48:41,101 INFO  [restartedMain] WmsApplication: No active profile set, falling back to default profiles: default
2018-07-13 18:48:42,231 WARN  [restartedMain] JpaBaseConfiguration$JpaWebConfiguration$JpaWebMvcConfiguration: spring.jpa.open-in-view is enabled by default. Therefore, database queries may be performed during view rendering. Explicitly configure spring.jpa.open-in-view to disable this warning
2018-07-13 18:48:42,325 INFO  [restartedMain] WmsApplication: Started WmsApplication in 1.257 seconds (JVM running for 268.437)
2018-07-13 18:49:11,376 INFO  [http-nio-8080-exec-2] RoleService: vm.getRole=
2018-07-13 18:49:35,887 INFO  [http-nio-8080-exec-3] RoleService: vm.getRole=
2018-07-13 18:49:56,757 INFO  [restartedMain] WmsApplication: Starting WmsApplication on ChoodeMacBook-Pro.local with PID 15480 (/Users/choostefan/Work/IdeaWorkspace/wms/target/classes started by choostefan in /Users/choostefan/Work/IdeaWorkspace/wms)
2018-07-13 18:49:56,758 DEBUG [restartedMain] WmsApplication: Running with Spring Boot v2.0.3.RELEASE, Spring v5.0.7.RELEASE
2018-07-13 18:49:56,759 INFO  [restartedMain] WmsApplication: No active profile set, falling back to default profiles: default
2018-07-13 18:49:58,302 WARN  [restartedMain] JpaBaseConfiguration$JpaWebConfiguration$JpaWebMvcConfiguration: spring.jpa.open-in-view is enabled by default. Therefore, database queries may be performed during view rendering. Explicitly configure spring.jpa.open-in-view to disable this warning
2018-07-13 18:49:58,407 INFO  [restartedMain] WmsApplication: Started WmsApplication in 1.693 seconds (JVM running for 344.522)
2018-07-13 18:50:01,597 INFO  [restartedMain] WmsApplication: Starting WmsApplication on ChoodeMacBook-Pro.local with PID 15480 (/Users/choostefan/Work/IdeaWorkspace/wms/target/classes started by choostefan in /Users/choostefan/Work/IdeaWorkspace/wms)
2018-07-13 18:50:01,598 DEBUG [restartedMain] WmsApplication: Running with Spring Boot v2.0.3.RELEASE, Spring v5.0.7.RELEASE
2018-07-13 18:50:01,598 INFO  [restartedMain] WmsApplication: No active profile set, falling back to default profiles: default
2018-07-13 18:50:02,688 WARN  [restartedMain] JpaBaseConfiguration$JpaWebConfiguration$JpaWebMvcConfiguration: spring.jpa.open-in-view is enabled by default. Therefore, database queries may be performed during view rendering. Explicitly configure spring.jpa.open-in-view to disable this warning
2018-07-13 18:50:02,768 INFO  [restartedMain] WmsApplication: Started WmsApplication in 1.202 seconds (JVM running for 348.883)
2018-07-13 18:50:12,510 INFO  [restartedMain] WmsApplication: Starting WmsApplication on ChoodeMacBook-Pro.local with PID 15480 (/Users/choostefan/Work/IdeaWorkspace/wms/target/classes started by choostefan in /Users/choostefan/Work/IdeaWorkspace/wms)
2018-07-13 18:50:12,510 DEBUG [restartedMain] WmsApplication: Running with Spring Boot v2.0.3.RELEASE, Spring v5.0.7.RELEASE
2018-07-13 18:50:12,510 INFO  [restartedMain] WmsApplication: No active profile set, falling back to default profiles: default
2018-07-13 18:50:13,672 WARN  [restartedMain] JpaBaseConfiguration$JpaWebConfiguration$JpaWebMvcConfiguration: spring.jpa.open-in-view is enabled by default. Therefore, database queries may be performed during view rendering. Explicitly configure spring.jpa.open-in-view to disable this warning
2018-07-13 18:50:13,757 INFO  [restartedMain] WmsApplication: Started WmsApplication in 1.274 seconds (JVM running for 359.872)
2018-07-13 18:51:32,150 INFO  [restartedMain] WmsApplication: Starting WmsApplication on ChoodeMacBook-Pro.local with PID 15480 (/Users/choostefan/Work/IdeaWorkspace/wms/target/classes started by choostefan in /Users/choostefan/Work/IdeaWorkspace/wms)
2018-07-13 18:51:32,150 DEBUG [restartedMain] WmsApplication: Running with Spring Boot v2.0.3.RELEASE, Spring v5.0.7.RELEASE
2018-07-13 18:51:32,151 INFO  [restartedMain] WmsApplication: No active profile set, falling back to default profiles: default
2018-07-13 18:51:33,171 WARN  [restartedMain] JpaBaseConfiguration$JpaWebConfiguration$JpaWebMvcConfiguration: spring.jpa.open-in-view is enabled by default. Therefore, database queries may be performed during view rendering. Explicitly configure spring.jpa.open-in-view to disable this warning
2018-07-13 18:51:33,249 INFO  [restartedMain] WmsApplication: Started WmsApplication in 1.126 seconds (JVM running for 439.368)
2018-07-13 18:52:43,365 WARN  [http-nio-8080-exec-2] PageNotFound: Request method 'POST' not supported
2018-07-13 18:52:43,367 WARN  [http-nio-8080-exec-2] DefaultHandlerExceptionResolver: Resolved exception caused by Handler execution: org.springframework.web.HttpRequestMethodNotSupportedException: Request method 'POST' not supported
2018-07-13 18:53:03,628 ERROR [http-nio-8080-exec-4] [dispatcherServlet]: Servlet.service() for servlet [dispatcherServlet] in context with path [] threw exception [Request processing failed; nested exception is javax.persistence.EntityNotFoundException: Unable to find com.zdmedtech.wms.domain.User with id 4] with root cause
javax.persistence.EntityNotFoundException: Unable to find com.zdmedtech.wms.domain.User with id 4
	at org.hibernate.jpa.boot.internal.EntityManagerFactoryBuilderImpl$JpaEntityNotFoundDelegate.handleEntityNotFound(EntityManagerFactoryBuilderImpl.java:159)
	at org.hibernate.proxy.AbstractLazyInitializer.checkTargetState(AbstractLazyInitializer.java:244)
	at org.hibernate.proxy.AbstractLazyInitializer.initialize(AbstractLazyInitializer.java:166)
	at org.hibernate.proxy.AbstractLazyInitializer.getImplementation(AbstractLazyInitializer.java:268)
	at org.hibernate.proxy.pojo.javassist.JavassistLazyInitializer.invoke(JavassistLazyInitializer.java:73)
	at com.zdmedtech.wms.domain.User_$$_jvst10b_7d.getPassword(User_$$_jvst10b_7d.java)
	at com.zdmedtech.wms.service.RoleService.lambda$updatePwd$2(RoleService.java:57)
	at java.util.Optional.map(Optional.java:215)
	at com.zdmedtech.wms.service.RoleService.updatePwd(RoleService.java:56)
	at com.zdmedtech.wms.service.RoleService$$FastClassBySpringCGLIB$$407dbf52.invoke(<generated>)
	at org.springframework.cglib.proxy.MethodProxy.invoke(MethodProxy.java:204)
	at org.springframework.aop.framework.CglibAopProxy$CglibMethodInvocation.invokeJoinpoint(CglibAopProxy.java:746)
	at org.springframework.aop.framework.ReflectiveMethodInvocation.proceed(ReflectiveMethodInvocation.java:163)
	at org.springframework.transaction.interceptor.TransactionAspectSupport.invokeWithinTransaction(TransactionAspectSupport.java:294)
	at org.springframework.transaction.interceptor.TransactionInterceptor.invoke(TransactionInterceptor.java:98)
	at org.springframework.aop.framework.ReflectiveMethodInvocation.proceed(ReflectiveMethodInvocation.java:185)
	at org.springframework.aop.framework.CglibAopProxy$DynamicAdvisedInterceptor.intercept(CglibAopProxy.java:688)
	at com.zdmedtech.wms.service.RoleService$$EnhancerBySpringCGLIB$$545ba6ab.updatePwd(<generated>)
	at com.zdmedtech.wms.rest.RoleResource.updatePwd(RoleResource.java:29)
	at sun.reflect.NativeMethodAccessorImpl.invoke0(Native Method)
	at sun.reflect.NativeMethodAccessorImpl.invoke(NativeMethodAccessorImpl.java:62)
	at sun.reflect.DelegatingMethodAccessorImpl.invoke(DelegatingMethodAccessorImpl.java:43)
	at java.lang.reflect.Method.invoke(Method.java:498)
	at org.springframework.web.method.support.InvocableHandlerMethod.doInvoke(InvocableHandlerMethod.java:209)
	at org.springframework.web.method.support.InvocableHandlerMethod.invokeForRequest(InvocableHandlerMethod.java:136)
	at org.springframework.web.servlet.mvc.method.annotation.ServletInvocableHandlerMethod.invokeAndHandle(ServletInvocableHandlerMethod.java:102)
	at org.springframework.web.servlet.mvc.method.annotation.RequestMappingHandlerAdapter.invokeHandlerMethod(RequestMappingHandlerAdapter.java:877)
	at org.springframework.web.servlet.mvc.method.annotation.RequestMappingHandlerAdapter.handleInternal(RequestMappingHandlerAdapter.java:783)
	at org.springframework.web.servlet.mvc.method.AbstractHandlerMethodAdapter.handle(AbstractHandlerMethodAdapter.java:87)
	at org.springframework.web.servlet.DispatcherServlet.doDispatch(DispatcherServlet.java:991)
	at org.springframework.web.servlet.DispatcherServlet.doService(DispatcherServlet.java:925)
	at org.springframework.web.servlet.FrameworkServlet.processRequest(FrameworkServlet.java:974)
	at org.springframework.web.servlet.FrameworkServlet.doPut(FrameworkServlet.java:888)
	at javax.servlet.http.HttpServlet.service(HttpServlet.java:664)
	at org.springframework.web.servlet.FrameworkServlet.service(FrameworkServlet.java:851)
	at javax.servlet.http.HttpServlet.service(HttpServlet.java:742)
	at org.apache.catalina.core.ApplicationFilterChain.internalDoFilter(ApplicationFilterChain.java:231)
	at org.apache.catalina.core.ApplicationFilterChain.doFilter(ApplicationFilterChain.java:166)
	at org.apache.tomcat.websocket.server.WsFilter.doFilter(WsFilter.java:52)
	at org.apache.catalina.core.ApplicationFilterChain.internalDoFilter(ApplicationFilterChain.java:193)
	at org.apache.catalina.core.ApplicationFilterChain.doFilter(ApplicationFilterChain.java:166)
	at org.springframework.web.filter.RequestContextFilter.doFilterInternal(RequestContextFilter.java:99)
	at org.springframework.web.filter.OncePerRequestFilter.doFilter(OncePerRequestFilter.java:107)
	at org.apache.catalina.core.ApplicationFilterChain.internalDoFilter(ApplicationFilterChain.java:193)
	at org.apache.catalina.core.ApplicationFilterChain.doFilter(ApplicationFilterChain.java:166)
	at org.springframework.web.filter.HttpPutFormContentFilter.doFilterInternal(HttpPutFormContentFilter.java:109)
	at org.springframework.web.filter.OncePerRequestFilter.doFilter(OncePerRequestFilter.java:107)
	at org.apache.catalina.core.ApplicationFilterChain.internalDoFilter(ApplicationFilterChain.java:193)
	at org.apache.catalina.core.ApplicationFilterChain.doFilter(ApplicationFilterChain.java:166)
	at org.springframework.web.filter.HiddenHttpMethodFilter.doFilterInternal(HiddenHttpMethodFilter.java:93)
	at org.springframework.web.filter.OncePerRequestFilter.doFilter(OncePerRequestFilter.java:107)
	at org.apache.catalina.core.ApplicationFilterChain.internalDoFilter(ApplicationFilterChain.java:193)
	at org.apache.catalina.core.ApplicationFilterChain.doFilter(ApplicationFilterChain.java:166)
	at org.springframework.web.filter.CharacterEncodingFilter.doFilterInternal(CharacterEncodingFilter.java:200)
	at org.springframework.web.filter.OncePerRequestFilter.doFilter(OncePerRequestFilter.java:107)
	at org.apache.catalina.core.ApplicationFilterChain.internalDoFilter(ApplicationFilterChain.java:193)
	at org.apache.catalina.core.ApplicationFilterChain.doFilter(ApplicationFilterChain.java:166)
	at org.apache.catalina.core.StandardWrapperValve.invoke(StandardWrapperValve.java:198)
	at org.apache.catalina.core.StandardContextValve.invoke(StandardContextValve.java:96)
	at org.apache.catalina.authenticator.AuthenticatorBase.invoke(AuthenticatorBase.java:496)
	at org.apache.catalina.core.StandardHostValve.invoke(StandardHostValve.java:140)
	at org.apache.catalina.valves.ErrorReportValve.invoke(ErrorReportValve.java:81)
	at org.apache.catalina.core.StandardEngineValve.invoke(StandardEngineValve.java:87)
	at org.apache.catalina.connector.CoyoteAdapter.service(CoyoteAdapter.java:342)
	at org.apache.coyote.http11.Http11Processor.service(Http11Processor.java:803)
	at org.apache.coyote.AbstractProcessorLight.process(AbstractProcessorLight.java:66)
	at org.apache.coyote.AbstractProtocol$ConnectionHandler.process(AbstractProtocol.java:790)
	at org.apache.tomcat.util.net.NioEndpoint$SocketProcessor.doRun(NioEndpoint.java:1468)
	at org.apache.tomcat.util.net.SocketProcessorBase.run(SocketProcessorBase.java:49)
	at java.util.concurrent.ThreadPoolExecutor.runWorker(ThreadPoolExecutor.java:1142)
	at java.util.concurrent.ThreadPoolExecutor$Worker.run(ThreadPoolExecutor.java:617)
	at org.apache.tomcat.util.threads.TaskThread$WrappingRunnable.run(TaskThread.java:61)
	at java.lang.Thread.run(Thread.java:745)
2018-07-13 18:53:48,328 INFO  [restartedMain] WmsApplication: Starting WmsApplication on ChoodeMacBook-Pro.local with PID 15480 (/Users/choostefan/Work/IdeaWorkspace/wms/target/classes started by choostefan in /Users/choostefan/Work/IdeaWorkspace/wms)
2018-07-13 18:53:48,328 DEBUG [restartedMain] WmsApplication: Running with Spring Boot v2.0.3.RELEASE, Spring v5.0.7.RELEASE
2018-07-13 18:53:48,328 INFO  [restartedMain] WmsApplication: No active profile set, falling back to default profiles: default
2018-07-13 18:53:49,212 WARN  [restartedMain] AnnotationConfigServletWebServerApplicationContext: Exception encountered during context initialization - cancelling refresh attempt: org.springframework.beans.factory.BeanCreationException: Error creating bean with name 'roleResource' defined in file [/Users/choostefan/Work/IdeaWorkspace/wms/target/classes/com/zdmedtech/wms/rest/RoleResource.class]: Post-processing of merged bean definition failed; nested exception is java.lang.IllegalStateException: Failed to introspect Class [com.zdmedtech.wms.rest.RoleResource] from ClassLoader [org.springframework.boot.devtools.restart.classloader.RestartClassLoader@6e9b54d5]
2018-07-13 18:53:49,225 ERROR [restartedMain] SpringApplication: Application run failed
org.springframework.beans.factory.BeanCreationException: Error creating bean with name 'roleResource' defined in file [/Users/choostefan/Work/IdeaWorkspace/wms/target/classes/com/zdmedtech/wms/rest/RoleResource.class]: Post-processing of merged bean definition failed; nested exception is java.lang.IllegalStateException: Failed to introspect Class [com.zdmedtech.wms.rest.RoleResource] from ClassLoader [org.springframework.boot.devtools.restart.classloader.RestartClassLoader@6e9b54d5]
	at org.springframework.beans.factory.support.AbstractAutowireCapableBeanFactory.doCreateBean(AbstractAutowireCapableBeanFactory.java:558)
	at org.springframework.beans.factory.support.AbstractAutowireCapableBeanFactory.createBean(AbstractAutowireCapableBeanFactory.java:503)
	at org.springframework.beans.factory.support.AbstractBeanFactory.lambda$doGetBean$0(AbstractBeanFactory.java:317)
	at org.springframework.beans.factory.support.DefaultSingletonBeanRegistry.getSingleton(DefaultSingletonBeanRegistry.java:222)
	at org.springframework.beans.factory.support.AbstractBeanFactory.doGetBean(AbstractBeanFactory.java:315)
	at org.springframework.beans.factory.support.AbstractBeanFactory.getBean(AbstractBeanFactory.java:199)
	at org.springframework.beans.factory.support.DefaultListableBeanFactory.preInstantiateSingletons(DefaultListableBeanFactory.java:760)
	at org.springframework.context.support.AbstractApplicationContext.finishBeanFactoryInitialization(AbstractApplicationContext.java:869)
	at org.springframework.context.support.AbstractApplicationContext.refresh(AbstractApplicationContext.java:550)
	at org.springframework.boot.web.servlet.context.ServletWebServerApplicationContext.refresh(ServletWebServerApplicationContext.java:140)
	at org.springframework.boot.SpringApplication.refresh(SpringApplication.java:759)
	at org.springframework.boot.SpringApplication.refreshContext(SpringApplication.java:395)
	at org.springframework.boot.SpringApplication.run(SpringApplication.java:327)
	at org.springframework.boot.SpringApplication.run(SpringApplication.java:1255)
	at org.springframework.boot.SpringApplication.run(SpringApplication.java:1243)
	at com.zdmedtech.wms.WmsApplication.main(WmsApplication.java:12)
	at sun.reflect.NativeMethodAccessorImpl.invoke0(Native Method)
	at sun.reflect.NativeMethodAccessorImpl.invoke(NativeMethodAccessorImpl.java:62)
	at sun.reflect.DelegatingMethodAccessorImpl.invoke(DelegatingMethodAccessorImpl.java:43)
	at java.lang.reflect.Method.invoke(Method.java:498)
	at org.springframework.boot.devtools.restart.RestartLauncher.run(RestartLauncher.java:49)
Caused by: java.lang.IllegalStateException: Failed to introspect Class [com.zdmedtech.wms.rest.RoleResource] from ClassLoader [org.springframework.boot.devtools.restart.classloader.RestartClassLoader@6e9b54d5]
	at org.springframework.util.ReflectionUtils.getDeclaredFields(ReflectionUtils.java:758)
	at org.springframework.util.ReflectionUtils.doWithLocalFields(ReflectionUtils.java:690)
	at org.springframework.orm.jpa.support.PersistenceAnnotationBeanPostProcessor.buildPersistenceMetadata(PersistenceAnnotationBeanPostProcessor.java:410)
	at org.springframework.orm.jpa.support.PersistenceAnnotationBeanPostProcessor.findPersistenceMetadata(PersistenceAnnotationBeanPostProcessor.java:394)
	at org.springframework.orm.jpa.support.PersistenceAnnotationBeanPostProcessor.postProcessMergedBeanDefinition(PersistenceAnnotationBeanPostProcessor.java:332)
	at org.springframework.beans.factory.support.AbstractAutowireCapableBeanFactory.applyMergedBeanDefinitionPostProcessors(AbstractAutowireCapableBeanFactory.java:1022)
	at org.springframework.beans.factory.support.AbstractAutowireCapableBeanFactory.doCreateBean(AbstractAutowireCapableBeanFactory.java:555)
	... 20 common frames omitted
Caused by: java.lang.NoClassDefFoundError: Lcom/zdmedtech/wms/service/RoleService;
	at java.lang.Class.getDeclaredFields0(Native Method)
	at java.lang.Class.privateGetDeclaredFields(Class.java:2583)
	at java.lang.Class.getDeclaredFields(Class.java:1916)
	at org.springframework.util.ReflectionUtils.getDeclaredFields(ReflectionUtils.java:753)
	... 26 common frames omitted
Caused by: java.lang.ClassNotFoundException: com.zdmedtech.wms.service.RoleService
	at java.net.URLClassLoader.findClass(URLClassLoader.java:381)
	at java.lang.ClassLoader.loadClass(ClassLoader.java:424)
	at sun.misc.Launcher$AppClassLoader.loadClass(Launcher.java:331)
	at java.lang.ClassLoader.loadClass(ClassLoader.java:357)
	at org.springframework.boot.devtools.restart.classloader.RestartClassLoader.loadClass(RestartClassLoader.java:148)
	at java.lang.ClassLoader.loadClass(ClassLoader.java:357)
	... 30 common frames omitted
2018-07-13 18:54:24,983 INFO  [restartedMain] WmsApplication: Starting WmsApplication on ChoodeMacBook-Pro.local with PID 15480 (/Users/choostefan/Work/IdeaWorkspace/wms/target/classes started by choostefan in /Users/choostefan/Work/IdeaWorkspace/wms)
2018-07-13 18:54:24,983 DEBUG [restartedMain] WmsApplication: Running with Spring Boot v2.0.3.RELEASE, Spring v5.0.7.RELEASE
2018-07-13 18:54:24,983 INFO  [restartedMain] WmsApplication: No active profile set, falling back to default profiles: default
2018-07-13 18:54:26,017 WARN  [restartedMain] JpaBaseConfiguration$JpaWebConfiguration$JpaWebMvcConfiguration: spring.jpa.open-in-view is enabled by default. Therefore, database queries may be performed during view rendering. Explicitly configure spring.jpa.open-in-view to disable this warning
2018-07-13 18:54:26,092 INFO  [restartedMain] WmsApplication: Started WmsApplication in 1.137 seconds (JVM running for 612.219)
2018-07-13 18:54:33,907 INFO  [restartedMain] WmsApplication: Starting WmsApplication on ChoodeMacBook-Pro.local with PID 15480 (/Users/choostefan/Work/IdeaWorkspace/wms/target/classes started by choostefan in /Users/choostefan/Work/IdeaWorkspace/wms)
2018-07-13 18:54:33,907 DEBUG [restartedMain] WmsApplication: Running with Spring Boot v2.0.3.RELEASE, Spring v5.0.7.RELEASE
2018-07-13 18:54:33,907 INFO  [restartedMain] WmsApplication: No active profile set, falling back to default profiles: default
2018-07-13 18:54:34,732 WARN  [restartedMain] AnnotationConfigServletWebServerApplicationContext: Exception encountered during context initialization - cancelling refresh attempt: org.springframework.beans.factory.BeanCreationException: Error creating bean with name 'roleResource' defined in file [/Users/choostefan/Work/IdeaWorkspace/wms/target/classes/com/zdmedtech/wms/rest/RoleResource.class]: Post-processing of merged bean definition failed; nested exception is java.lang.IllegalStateException: Failed to introspect Class [com.zdmedtech.wms.rest.RoleResource] from ClassLoader [org.springframework.boot.devtools.restart.classloader.RestartClassLoader@1a0cbd82]
2018-07-13 18:54:34,742 ERROR [restartedMain] SpringApplication: Application run failed
org.springframework.beans.factory.BeanCreationException: Error creating bean with name 'roleResource' defined in file [/Users/choostefan/Work/IdeaWorkspace/wms/target/classes/com/zdmedtech/wms/rest/RoleResource.class]: Post-processing of merged bean definition failed; nested exception is java.lang.IllegalStateException: Failed to introspect Class [com.zdmedtech.wms.rest.RoleResource] from ClassLoader [org.springframework.boot.devtools.restart.classloader.RestartClassLoader@1a0cbd82]
	at org.springframework.beans.factory.support.AbstractAutowireCapableBeanFactory.doCreateBean(AbstractAutowireCapableBeanFactory.java:558)
	at org.springframework.beans.factory.support.AbstractAutowireCapableBeanFactory.createBean(AbstractAutowireCapableBeanFactory.java:503)
	at org.springframework.beans.factory.support.AbstractBeanFactory.lambda$doGetBean$0(AbstractBeanFactory.java:317)
	at org.springframework.beans.factory.support.DefaultSingletonBeanRegistry.getSingleton(DefaultSingletonBeanRegistry.java:222)
	at org.springframework.beans.factory.support.AbstractBeanFactory.doGetBean(AbstractBeanFactory.java:315)
	at org.springframework.beans.factory.support.AbstractBeanFactory.getBean(AbstractBeanFactory.java:199)
	at org.springframework.beans.factory.support.DefaultListableBeanFactory.preInstantiateSingletons(DefaultListableBeanFactory.java:760)
	at org.springframework.context.support.AbstractApplicationContext.finishBeanFactoryInitialization(AbstractApplicationContext.java:869)
	at org.springframework.context.support.AbstractApplicationContext.refresh(AbstractApplicationContext.java:550)
	at org.springframework.boot.web.servlet.context.ServletWebServerApplicationContext.refresh(ServletWebServerApplicationContext.java:140)
	at org.springframework.boot.SpringApplication.refresh(SpringApplication.java:759)
	at org.springframework.boot.SpringApplication.refreshContext(SpringApplication.java:395)
	at org.springframework.boot.SpringApplication.run(SpringApplication.java:327)
	at org.springframework.boot.SpringApplication.run(SpringApplication.java:1255)
	at org.springframework.boot.SpringApplication.run(SpringApplication.java:1243)
	at com.zdmedtech.wms.WmsApplication.main(WmsApplication.java:12)
	at sun.reflect.NativeMethodAccessorImpl.invoke0(Native Method)
	at sun.reflect.NativeMethodAccessorImpl.invoke(NativeMethodAccessorImpl.java:62)
	at sun.reflect.DelegatingMethodAccessorImpl.invoke(DelegatingMethodAccessorImpl.java:43)
	at java.lang.reflect.Method.invoke(Method.java:498)
	at org.springframework.boot.devtools.restart.RestartLauncher.run(RestartLauncher.java:49)
Caused by: java.lang.IllegalStateException: Failed to introspect Class [com.zdmedtech.wms.rest.RoleResource] from ClassLoader [org.springframework.boot.devtools.restart.classloader.RestartClassLoader@1a0cbd82]
	at org.springframework.util.ReflectionUtils.getDeclaredFields(ReflectionUtils.java:758)
	at org.springframework.util.ReflectionUtils.doWithLocalFields(ReflectionUtils.java:690)
	at org.springframework.orm.jpa.support.PersistenceAnnotationBeanPostProcessor.buildPersistenceMetadata(PersistenceAnnotationBeanPostProcessor.java:410)
	at org.springframework.orm.jpa.support.PersistenceAnnotationBeanPostProcessor.findPersistenceMetadata(PersistenceAnnotationBeanPostProcessor.java:394)
	at org.springframework.orm.jpa.support.PersistenceAnnotationBeanPostProcessor.postProcessMergedBeanDefinition(PersistenceAnnotationBeanPostProcessor.java:332)
	at org.springframework.beans.factory.support.AbstractAutowireCapableBeanFactory.applyMergedBeanDefinitionPostProcessors(AbstractAutowireCapableBeanFactory.java:1022)
	at org.springframework.beans.factory.support.AbstractAutowireCapableBeanFactory.doCreateBean(AbstractAutowireCapableBeanFactory.java:555)
	... 20 common frames omitted
Caused by: java.lang.NoClassDefFoundError: Lcom/zdmedtech/wms/service/RoleService;
	at java.lang.Class.getDeclaredFields0(Native Method)
	at java.lang.Class.privateGetDeclaredFields(Class.java:2583)
	at java.lang.Class.getDeclaredFields(Class.java:1916)
	at org.springframework.util.ReflectionUtils.getDeclaredFields(ReflectionUtils.java:753)
	... 26 common frames omitted
Caused by: java.lang.ClassNotFoundException: com.zdmedtech.wms.service.RoleService
	at java.net.URLClassLoader.findClass(URLClassLoader.java:381)
	at java.lang.ClassLoader.loadClass(ClassLoader.java:424)
	at sun.misc.Launcher$AppClassLoader.loadClass(Launcher.java:331)
	at java.lang.ClassLoader.loadClass(ClassLoader.java:357)
	at org.springframework.boot.devtools.restart.classloader.RestartClassLoader.loadClass(RestartClassLoader.java:148)
	at java.lang.ClassLoader.loadClass(ClassLoader.java:357)
	... 30 common frames omitted
2018-07-13 18:54:54,363 INFO  [restartedMain] WmsApplication: Starting WmsApplication on ChoodeMacBook-Pro.local with PID 15480 (/Users/choostefan/Work/IdeaWorkspace/wms/target/classes started by choostefan in /Users/choostefan/Work/IdeaWorkspace/wms)
2018-07-13 18:54:54,363 DEBUG [restartedMain] WmsApplication: Running with Spring Boot v2.0.3.RELEASE, Spring v5.0.7.RELEASE
2018-07-13 18:54:54,363 INFO  [restartedMain] WmsApplication: No active profile set, falling back to default profiles: default
2018-07-13 18:54:55,499 WARN  [restartedMain] JpaBaseConfiguration$JpaWebConfiguration$JpaWebMvcConfiguration: spring.jpa.open-in-view is enabled by default. Therefore, database queries may be performed during view rendering. Explicitly configure spring.jpa.open-in-view to disable this warning
2018-07-13 18:54:55,578 INFO  [restartedMain] WmsApplication: Started WmsApplication in 1.263 seconds (JVM running for 641.706)
2018-07-13 18:55:15,567 INFO  [restartedMain] WmsApplication: Starting WmsApplication on ChoodeMacBook-Pro.local with PID 15480 (/Users/choostefan/Work/IdeaWorkspace/wms/target/classes started by choostefan in /Users/choostefan/Work/IdeaWorkspace/wms)
2018-07-13 18:55:15,568 DEBUG [restartedMain] WmsApplication: Running with Spring Boot v2.0.3.RELEASE, Spring v5.0.7.RELEASE
2018-07-13 18:55:15,568 INFO  [restartedMain] WmsApplication: No active profile set, falling back to default profiles: default
2018-07-13 18:55:16,610 WARN  [restartedMain] JpaBaseConfiguration$JpaWebConfiguration$JpaWebMvcConfiguration: spring.jpa.open-in-view is enabled by default. Therefore, database queries may be performed during view rendering. Explicitly configure spring.jpa.open-in-view to disable this warning
2018-07-13 18:55:16,687 INFO  [restartedMain] WmsApplication: Started WmsApplication in 1.151 seconds (JVM running for 662.817)
2018-07-13 18:56:07,050 INFO  [restartedMain] WmsApplication: Starting WmsApplication on ChoodeMacBook-Pro.local with PID 15480 (/Users/choostefan/Work/IdeaWorkspace/wms/target/classes started by choostefan in /Users/choostefan/Work/IdeaWorkspace/wms)
2018-07-13 18:56:07,050 DEBUG [restartedMain] WmsApplication: Running with Spring Boot v2.0.3.RELEASE, Spring v5.0.7.RELEASE
2018-07-13 18:56:07,051 INFO  [restartedMain] WmsApplication: No active profile set, falling back to default profiles: default
2018-07-13 18:56:08,026 WARN  [restartedMain] JpaBaseConfiguration$JpaWebConfiguration$JpaWebMvcConfiguration: spring.jpa.open-in-view is enabled by default. Therefore, database queries may be performed during view rendering. Explicitly configure spring.jpa.open-in-view to disable this warning
2018-07-13 18:56:08,106 INFO  [restartedMain] WmsApplication: Started WmsApplication in 1.082 seconds (JVM running for 714.238)
2018-07-13 18:56:32,037 INFO  [restartedMain] WmsApplication: Starting WmsApplication on ChoodeMacBook-Pro.local with PID 15480 (/Users/choostefan/Work/IdeaWorkspace/wms/target/classes started by choostefan in /Users/choostefan/Work/IdeaWorkspace/wms)
2018-07-13 18:56:32,038 DEBUG [restartedMain] WmsApplication: Running with Spring Boot v2.0.3.RELEASE, Spring v5.0.7.RELEASE
2018-07-13 18:56:32,038 INFO  [restartedMain] WmsApplication: No active profile set, falling back to default profiles: default
2018-07-13 18:56:33,161 WARN  [restartedMain] JpaBaseConfiguration$JpaWebConfiguration$JpaWebMvcConfiguration: spring.jpa.open-in-view is enabled by default. Therefore, database queries may be performed during view rendering. Explicitly configure spring.jpa.open-in-view to disable this warning
2018-07-13 18:56:33,283 INFO  [restartedMain] WmsApplication: Started WmsApplication in 1.274 seconds (JVM running for 739.416)
2018-07-13 18:57:02,350 INFO  [restartedMain] WmsApplication: Starting WmsApplication on ChoodeMacBook-Pro.local with PID 15480 (/Users/choostefan/Work/IdeaWorkspace/wms/target/classes started by choostefan in /Users/choostefan/Work/IdeaWorkspace/wms)
2018-07-13 18:57:02,351 DEBUG [restartedMain] WmsApplication: Running with Spring Boot v2.0.3.RELEASE, Spring v5.0.7.RELEASE
2018-07-13 18:57:02,351 INFO  [restartedMain] WmsApplication: No active profile set, falling back to default profiles: default
2018-07-13 18:57:03,300 WARN  [restartedMain] JpaBaseConfiguration$JpaWebConfiguration$JpaWebMvcConfiguration: spring.jpa.open-in-view is enabled by default. Therefore, database queries may be performed during view rendering. Explicitly configure spring.jpa.open-in-view to disable this warning
2018-07-13 18:57:03,380 INFO  [restartedMain] WmsApplication: Started WmsApplication in 1.058 seconds (JVM running for 769.514)
