2018-07-13 18:23:51.144  INFO 15277 --- [restartedMain] com.zdmedtech.wms.WmsApplication         : Starting WmsApplication on ChoodeMacBook-Pro.local with PID 15277 (/Users/choostefan/Work/IdeaWorkspace/wms/target/classes started by choostefan in /Users/choostefan/Work/IdeaWorkspace/wms)
2018-07-13 18:23:51.146 DEBUG 15277 --- [restartedMain] com.zdmedtech.wms.WmsApplication         : Running with Spring Boot v2.0.3.RELEASE, Spring v5.0.7.RELEASE
2018-07-13 18:23:51.148  INFO 15277 --- [restartedMain] com.zdmedtech.wms.WmsApplication         : No active profile set, falling back to default profiles: default
2018-07-13 18:23:56.931  WARN 15277 --- [restartedMain] aWebConfiguration$JpaWebMvcConfiguration : spring.jpa.open-in-view is enabled by default. Therefore, database queries may be performed during view rendering. Explicitly configure spring.jpa.open-in-view to disable this warning
2018-07-13 18:23:57.585  INFO 15277 --- [restartedMain] com.zdmedtech.wms.WmsApplication         : Started WmsApplication in 6.986 seconds (JVM running for 7.939)
2018-07-13 18:26:32.662  INFO 15277 --- [restartedMain] com.zdmedtech.wms.WmsApplication         : Starting WmsApplication on ChoodeMacBook-Pro.local with PID 15277 (/Users/choostefan/Work/IdeaWorkspace/wms/target/classes started by choostefan in /Users/choostefan/Work/IdeaWorkspace/wms)
2018-07-13 18:26:32.662 DEBUG 15277 --- [restartedMain] com.zdmedtech.wms.WmsApplication         : Running with Spring Boot v2.0.3.RELEASE, Spring v5.0.7.RELEASE
2018-07-13 18:26:32.663  INFO 15277 --- [restartedMain] com.zdmedtech.wms.WmsApplication         : No active profile set, falling back to default profiles: default
2018-07-13 18:26:34.233  WARN 15277 --- [restartedMain] aWebConfiguration$JpaWebMvcConfiguration : spring.jpa.open-in-view is enabled by default. Therefore, database queries may be performed during view rendering. Explicitly configure spring.jpa.open-in-view to disable this warning
2018-07-13 18:26:34.371  INFO 15277 --- [restartedMain] com.zdmedtech.wms.WmsApplication         : Started WmsApplication in 1.75 seconds (JVM running for 164.734)
2018-07-13 18:26:55.764  INFO 15277 --- [restartedMain] com.zdmedtech.wms.WmsApplication         : Starting WmsApplication on ChoodeMacBook-Pro.local with PID 15277 (/Users/choostefan/Work/IdeaWorkspace/wms/target/classes started by choostefan in /Users/choostefan/Work/IdeaWorkspace/wms)
2018-07-13 18:26:55.764 DEBUG 15277 --- [restartedMain] com.zdmedtech.wms.WmsApplication         : Running with Spring Boot v2.0.3.RELEASE, Spring v5.0.7.RELEASE
2018-07-13 18:26:55.764  INFO 15277 --- [restartedMain] com.zdmedtech.wms.WmsApplication         : No active profile set, falling back to default profiles: default
2018-07-13 18:26:57.124  WARN 15277 --- [restartedMain] aWebConfiguration$JpaWebMvcConfiguration : spring.jpa.open-in-view is enabled by default. Therefore, database queries may be performed during view rendering. Explicitly configure spring.jpa.open-in-view to disable this warning
2018-07-13 18:26:57.215  INFO 15277 --- [restartedMain] com.zdmedtech.wms.WmsApplication         : Started WmsApplication in 1.494 seconds (JVM running for 187.585)
2018-07-13 18:26:59.390  INFO 15277 --- [restartedMain] com.zdmedtech.wms.WmsApplication         : Starting WmsApplication on ChoodeMacBook-Pro.local with PID 15277 (/Users/choostefan/Work/IdeaWorkspace/wms/target/classes started by choostefan in /Users/choostefan/Work/IdeaWorkspace/wms)
2018-07-13 18:26:59.390 DEBUG 15277 --- [restartedMain] com.zdmedtech.wms.WmsApplication         : Running with Spring Boot v2.0.3.RELEASE, Spring v5.0.7.RELEASE
2018-07-13 18:26:59.391  INFO 15277 --- [restartedMain] com.zdmedtech.wms.WmsApplication         : No active profile set, falling back to default profiles: default
2018-07-13 18:27:00.576  WARN 15277 --- [restartedMain] aWebConfiguration$JpaWebMvcConfiguration : spring.jpa.open-in-view is enabled by default. Therefore, database queries may be performed during view rendering. Explicitly configure spring.jpa.open-in-view to disable this warning
2018-07-13 18:27:00.667  INFO 15277 --- [restartedMain] com.zdmedtech.wms.WmsApplication         : Started WmsApplication in 1.31 seconds (JVM running for 191.038)
2018-07-13 18:27:19.546  INFO 15277 --- [restartedMain] com.zdmedtech.wms.WmsApplication         : Starting WmsApplication on ChoodeMacBook-Pro.local with PID 15277 (/Users/choostefan/Work/IdeaWorkspace/wms/target/classes started by choostefan in /Users/choostefan/Work/IdeaWorkspace/wms)
2018-07-13 18:27:19.546 DEBUG 15277 --- [restartedMain] com.zdmedtech.wms.WmsApplication         : Running with Spring Boot v2.0.3.RELEASE, Spring v5.0.7.RELEASE
2018-07-13 18:27:19.547  INFO 15277 --- [restartedMain] com.zdmedtech.wms.WmsApplication         : No active profile set, falling back to default profiles: default
2018-07-13 18:27:20.976  WARN 15277 --- [restartedMain] aWebConfiguration$JpaWebMvcConfiguration : spring.jpa.open-in-view is enabled by default. Therefore, database queries may be performed during view rendering. Explicitly configure spring.jpa.open-in-view to disable this warning
2018-07-13 18:27:21.118  INFO 15277 --- [restartedMain] com.zdmedtech.wms.WmsApplication         : Started WmsApplication in 1.607 seconds (JVM running for 211.491)
2018-07-13 18:27:26.837  INFO 15277 --- [restartedMain] com.zdmedtech.wms.WmsApplication         : Starting WmsApplication on ChoodeMacBook-Pro.local with PID 15277 (/Users/choostefan/Work/IdeaWorkspace/wms/target/classes started by choostefan in /Users/choostefan/Work/IdeaWorkspace/wms)
2018-07-13 18:27:26.838 DEBUG 15277 --- [restartedMain] com.zdmedtech.wms.WmsApplication         : Running with Spring Boot v2.0.3.RELEASE, Spring v5.0.7.RELEASE
2018-07-13 18:27:26.838  INFO 15277 --- [restartedMain] com.zdmedtech.wms.WmsApplication         : No active profile set, falling back to default profiles: default
2018-07-13 18:27:28.316  WARN 15277 --- [restartedMain] aWebConfiguration$JpaWebMvcConfiguration : spring.jpa.open-in-view is enabled by default. Therefore, database queries may be performed during view rendering. Explicitly configure spring.jpa.open-in-view to disable this warning
2018-07-13 18:27:28.429  INFO 15277 --- [restartedMain] com.zdmedtech.wms.WmsApplication         : Started WmsApplication in 1.633 seconds (JVM running for 218.802)
2018-07-13 18:27:34.217  INFO 15277 --- [restartedMain] com.zdmedtech.wms.WmsApplication         : Starting WmsApplication on ChoodeMacBook-Pro.local with PID 15277 (/Users/choostefan/Work/IdeaWorkspace/wms/target/classes started by choostefan in /Users/choostefan/Work/IdeaWorkspace/wms)
2018-07-13 18:27:34.217 DEBUG 15277 --- [restartedMain] com.zdmedtech.wms.WmsApplication         : Running with Spring Boot v2.0.3.RELEASE, Spring v5.0.7.RELEASE
2018-07-13 18:27:34.217  INFO 15277 --- [restartedMain] com.zdmedtech.wms.WmsApplication         : No active profile set, falling back to default profiles: default
2018-07-13 18:27:35.389  WARN 15277 --- [restartedMain] aWebConfiguration$JpaWebMvcConfiguration : spring.jpa.open-in-view is enabled by default. Therefore, database queries may be performed during view rendering. Explicitly configure spring.jpa.open-in-view to disable this warning
2018-07-13 18:27:35.484  INFO 15277 --- [restartedMain] com.zdmedtech.wms.WmsApplication         : Started WmsApplication in 1.307 seconds (JVM running for 225.858)
2018-07-13 18:29:02.071  INFO 15277 --- [restartedMain] com.zdmedtech.wms.WmsApplication         : Starting WmsApplication on ChoodeMacBook-Pro.local with PID 15277 (/Users/choostefan/Work/IdeaWorkspace/wms/target/classes started by choostefan in /Users/choostefan/Work/IdeaWorkspace/wms)
2018-07-13 18:29:02.072 DEBUG 15277 --- [restartedMain] com.zdmedtech.wms.WmsApplication         : Running with Spring Boot v2.0.3.RELEASE, Spring v5.0.7.RELEASE
2018-07-13 18:29:02.072  INFO 15277 --- [restartedMain] com.zdmedtech.wms.WmsApplication         : No active profile set, falling back to default profiles: default
2018-07-13 18:29:03.148  WARN 15277 --- [restartedMain] aWebConfiguration$JpaWebMvcConfiguration : spring.jpa.open-in-view is enabled by default. Therefore, database queries may be performed during view rendering. Explicitly configure spring.jpa.open-in-view to disable this warning
2018-07-13 18:29:03.232  INFO 15277 --- [restartedMain] com.zdmedtech.wms.WmsApplication         : Started WmsApplication in 1.377 seconds (JVM running for 313.611)
2018-07-13 18:41:21.555  WARN 15277 --- [http-nio-8080-exec-2] o.s.web.servlet.PageNotFound             : Request method 'PUT' not supported
2018-07-13 18:41:21.558  WARN 15277 --- [http-nio-8080-exec-2] .w.s.m.s.DefaultHandlerExceptionResolver : Resolved exception caused by Handler execution: org.springframework.web.HttpRequestMethodNotSupportedException: Request method 'PUT' not supported
2018-07-13 18:42:19.056  INFO 15277 --- [restartedMain] com.zdmedtech.wms.WmsApplication         : Starting WmsApplication on ChoodeMacBook-Pro.local with PID 15277 (/Users/choostefan/Work/IdeaWorkspace/wms/target/classes started by choostefan in /Users/choostefan/Work/IdeaWorkspace/wms)
2018-07-13 18:42:19.056 DEBUG 15277 --- [restartedMain] com.zdmedtech.wms.WmsApplication         : Running with Spring Boot v2.0.3.RELEASE, Spring v5.0.7.RELEASE
2018-07-13 18:42:19.057  INFO 15277 --- [restartedMain] com.zdmedtech.wms.WmsApplication         : No active profile set, falling back to default profiles: default
2018-07-13 18:42:20.195  WARN 15277 --- [restartedMain] aWebConfiguration$JpaWebMvcConfiguration : spring.jpa.open-in-view is enabled by default. Therefore, database queries may be performed during view rendering. Explicitly configure spring.jpa.open-in-view to disable this warning
2018-07-13 18:42:20.290  INFO 15277 --- [restartedMain] com.zdmedtech.wms.WmsApplication         : Started WmsApplication in 1.271 seconds (JVM running for 1110.675)
2018-07-13 18:42:36.667 ERROR 15277 --- [http-nio-8080-exec-2] o.a.c.c.C.[.[.[/].[dispatcherServlet]    : Servlet.service() for servlet [dispatcherServlet] in context with path [] threw exception [Request processing failed; nested exception is java.lang.NullPointerException] with root cause

java.lang.NullPointerException: null
	at com.zdmedtech.wms.service.RoleService.login(RoleService.java:43)
	at com.zdmedtech.wms.service.RoleService$$FastClassBySpringCGLIB$$407dbf52.invoke(<generated>)
	at org.springframework.cglib.proxy.MethodProxy.invoke(MethodProxy.java:204)
	at org.springframework.aop.framework.CglibAopProxy$CglibMethodInvocation.invokeJoinpoint(CglibAopProxy.java:746)
	at org.springframework.aop.framework.ReflectiveMethodInvocation.proceed(ReflectiveMethodInvocation.java:163)
	at org.springframework.transaction.interceptor.TransactionAspectSupport.invokeWithinTransaction(TransactionAspectSupport.java:294)
	at org.springframework.transaction.interceptor.TransactionInterceptor.invoke(TransactionInterceptor.java:98)
	at org.springframework.aop.framework.ReflectiveMethodInvocation.proceed(ReflectiveMethodInvocation.java:185)
	at org.springframework.aop.framework.CglibAopProxy$DynamicAdvisedInterceptor.intercept(CglibAopProxy.java:688)
	at com.zdmedtech.wms.service.RoleService$$EnhancerBySpringCGLIB$$ffbdb760.login(<generated>)
	at com.zdmedtech.wms.rest.RoleResource.login(RoleResource.java:24)
	at sun.reflect.NativeMethodAccessorImpl.invoke0(Native Method)
	at sun.reflect.NativeMethodAccessorImpl.invoke(NativeMethodAccessorImpl.java:62)
	at sun.reflect.DelegatingMethodAccessorImpl.invoke(DelegatingMethodAccessorImpl.java:43)
	at java.lang.reflect.Method.invoke(Method.java:498)
	at org.springframework.web.method.support.InvocableHandlerMethod.doInvoke(InvocableHandlerMethod.java:209)
	at org.springframework.web.method.support.InvocableHandlerMethod.invokeForRequest(InvocableHandlerMethod.java:136)
	at org.springframework.web.servlet.mvc.method.annotation.ServletInvocableHandlerMethod.invokeAndHandle(ServletInvocableHandlerMethod.java:102)
	at org.springframework.web.servlet.mvc.method.annotation.RequestMappingHandlerAdapter.invokeHandlerMethod(RequestMappingHandlerAdapter.java:877)
	at org.springframework.web.servlet.mvc.method.annotation.RequestMappingHandlerAdapter.handleInternal(RequestMappingHandlerAdapter.java:783)
	at org.springframework.web.servlet.mvc.method.AbstractHandlerMethodAdapter.handle(AbstractHandlerMethodAdapter.java:87)
	at org.springframework.web.servlet.DispatcherServlet.doDispatch(DispatcherServlet.java:991)
	at org.springframework.web.servlet.DispatcherServlet.doService(DispatcherServlet.java:925)
	at org.springframework.web.servlet.FrameworkServlet.processRequest(FrameworkServlet.java:974)
	at org.springframework.web.servlet.FrameworkServlet.doPost(FrameworkServlet.java:877)
	at javax.servlet.http.HttpServlet.service(HttpServlet.java:661)
	at org.springframework.web.servlet.FrameworkServlet.service(FrameworkServlet.java:851)
	at javax.servlet.http.HttpServlet.service(HttpServlet.java:742)
	at org.apache.catalina.core.ApplicationFilterChain.internalDoFilter(ApplicationFilterChain.java:231)
	at org.apache.catalina.core.ApplicationFilterChain.doFilter(ApplicationFilterChain.java:166)
	at org.apache.tomcat.websocket.server.WsFilter.doFilter(WsFilter.java:52)
	at org.apache.catalina.core.ApplicationFilterChain.internalDoFilter(ApplicationFilterChain.java:193)
	at org.apache.catalina.core.ApplicationFilterChain.doFilter(ApplicationFilterChain.java:166)
	at org.springframework.web.filter.RequestContextFilter.doFilterInternal(RequestContextFilter.java:99)
	at org.springframework.web.filter.OncePerRequestFilter.doFilter(OncePerRequestFilter.java:107)
	at org.apache.catalina.core.ApplicationFilterChain.internalDoFilter(ApplicationFilterChain.java:193)
	at org.apache.catalina.core.ApplicationFilterChain.doFilter(ApplicationFilterChain.java:166)
	at org.springframework.web.filter.HttpPutFormContentFilter.doFilterInternal(HttpPutFormContentFilter.java:109)
	at org.springframework.web.filter.OncePerRequestFilter.doFilter(OncePerRequestFilter.java:107)
	at org.apache.catalina.core.ApplicationFilterChain.internalDoFilter(ApplicationFilterChain.java:193)
	at org.apache.catalina.core.ApplicationFilterChain.doFilter(ApplicationFilterChain.java:166)
	at org.springframework.web.filter.HiddenHttpMethodFilter.doFilterInternal(HiddenHttpMethodFilter.java:93)
	at org.springframework.web.filter.OncePerRequestFilter.doFilter(OncePerRequestFilter.java:107)
	at org.apache.catalina.core.ApplicationFilterChain.internalDoFilter(ApplicationFilterChain.java:193)
	at org.apache.catalina.core.ApplicationFilterChain.doFilter(ApplicationFilterChain.java:166)
	at org.springframework.web.filter.CharacterEncodingFilter.doFilterInternal(CharacterEncodingFilter.java:200)
	at org.springframework.web.filter.OncePerRequestFilter.doFilter(OncePerRequestFilter.java:107)
	at org.apache.catalina.core.ApplicationFilterChain.internalDoFilter(ApplicationFilterChain.java:193)
	at org.apache.catalina.core.ApplicationFilterChain.doFilter(ApplicationFilterChain.java:166)
	at org.apache.catalina.core.StandardWrapperValve.invoke(StandardWrapperValve.java:198)
	at org.apache.catalina.core.StandardContextValve.invoke(StandardContextValve.java:96)
	at org.apache.catalina.authenticator.AuthenticatorBase.invoke(AuthenticatorBase.java:496)
	at org.apache.catalina.core.StandardHostValve.invoke(StandardHostValve.java:140)
	at org.apache.catalina.valves.ErrorReportValve.invoke(ErrorReportValve.java:81)
	at org.apache.catalina.core.StandardEngineValve.invoke(StandardEngineValve.java:87)
	at org.apache.catalina.connector.CoyoteAdapter.service(CoyoteAdapter.java:342)
	at org.apache.coyote.http11.Http11Processor.service(Http11Processor.java:803)
	at org.apache.coyote.AbstractProcessorLight.process(AbstractProcessorLight.java:66)
	at org.apache.coyote.AbstractProtocol$ConnectionHandler.process(AbstractProtocol.java:790)
	at org.apache.tomcat.util.net.NioEndpoint$SocketProcessor.doRun(NioEndpoint.java:1468)
	at org.apache.tomcat.util.net.SocketProcessorBase.run(SocketProcessorBase.java:49)
	at java.util.concurrent.ThreadPoolExecutor.runWorker(ThreadPoolExecutor.java:1142)
	at java.util.concurrent.ThreadPoolExecutor$Worker.run(ThreadPoolExecutor.java:617)
	at org.apache.tomcat.util.threads.TaskThread$WrappingRunnable.run(TaskThread.java:61)
	at java.lang.Thread.run(Thread.java:745)

2018-07-13 18:43:23.732  INFO 15277 --- [restartedMain] com.zdmedtech.wms.WmsApplication         : Starting WmsApplication on ChoodeMacBook-Pro.local with PID 15277 (/Users/choostefan/Work/IdeaWorkspace/wms/target/classes started by choostefan in /Users/choostefan/Work/IdeaWorkspace/wms)
2018-07-13 18:43:23.733 DEBUG 15277 --- [restartedMain] com.zdmedtech.wms.WmsApplication         : Running with Spring Boot v2.0.3.RELEASE, Spring v5.0.7.RELEASE
2018-07-13 18:43:23.733  INFO 15277 --- [restartedMain] com.zdmedtech.wms.WmsApplication         : No active profile set, falling back to default profiles: default
2018-07-13 18:43:24.912  WARN 15277 --- [restartedMain] aWebConfiguration$JpaWebMvcConfiguration : spring.jpa.open-in-view is enabled by default. Therefore, database queries may be performed during view rendering. Explicitly configure spring.jpa.open-in-view to disable this warning
2018-07-13 18:43:24.991  INFO 15277 --- [restartedMain] com.zdmedtech.wms.WmsApplication         : Started WmsApplication in 1.471 seconds (JVM running for 1175.378)
2018-07-13 18:43:40.910  INFO 15277 --- [restartedMain] com.zdmedtech.wms.WmsApplication         : Starting WmsApplication on ChoodeMacBook-Pro.local with PID 15277 (/Users/choostefan/Work/IdeaWorkspace/wms/target/classes started by choostefan in /Users/choostefan/Work/IdeaWorkspace/wms)
2018-07-13 18:43:40.912 DEBUG 15277 --- [restartedMain] com.zdmedtech.wms.WmsApplication         : Running with Spring Boot v2.0.3.RELEASE, Spring v5.0.7.RELEASE
2018-07-13 18:43:40.912  INFO 15277 --- [restartedMain] com.zdmedtech.wms.WmsApplication         : No active profile set, falling back to default profiles: default
2018-07-13 18:43:41.833  WARN 15277 --- [restartedMain] ConfigServletWebServerApplicationContext : Exception encountered during context initialization - cancelling refresh attempt: org.springframework.beans.factory.BeanCreationException: Error creating bean with name 'roleResource' defined in file [/Users/choostefan/Work/IdeaWorkspace/wms/target/classes/com/zdmedtech/wms/rest/vm/RoleResource.class]: Post-processing of merged bean definition failed; nested exception is java.lang.IllegalStateException: Failed to introspect Class [com.zdmedtech.wms.rest.RoleResource] from ClassLoader [org.springframework.boot.devtools.restart.classloader.RestartClassLoader@3ce412c0]
2018-07-13 18:43:41.841 ERROR 15277 --- [restartedMain] o.s.boot.SpringApplication               : Application run failed

org.springframework.beans.factory.BeanCreationException: Error creating bean with name 'roleResource' defined in file [/Users/choostefan/Work/IdeaWorkspace/wms/target/classes/com/zdmedtech/wms/rest/vm/RoleResource.class]: Post-processing of merged bean definition failed; nested exception is java.lang.IllegalStateException: Failed to introspect Class [com.zdmedtech.wms.rest.RoleResource] from ClassLoader [org.springframework.boot.devtools.restart.classloader.RestartClassLoader@3ce412c0]
	at org.springframework.beans.factory.support.AbstractAutowireCapableBeanFactory.doCreateBean(AbstractAutowireCapableBeanFactory.java:558)
	at org.springframework.beans.factory.support.AbstractAutowireCapableBeanFactory.createBean(AbstractAutowireCapableBeanFactory.java:503)
	at org.springframework.beans.factory.support.AbstractBeanFactory.lambda$doGetBean$0(AbstractBeanFactory.java:317)
	at org.springframework.beans.factory.support.DefaultSingletonBeanRegistry.getSingleton(DefaultSingletonBeanRegistry.java:222)
	at org.springframework.beans.factory.support.AbstractBeanFactory.doGetBean(AbstractBeanFactory.java:315)
	at org.springframework.beans.factory.support.AbstractBeanFactory.getBean(AbstractBeanFactory.java:199)
	at org.springframework.beans.factory.support.DefaultListableBeanFactory.preInstantiateSingletons(DefaultListableBeanFactory.java:760)
	at org.springframework.context.support.AbstractApplicationContext.finishBeanFactoryInitialization(AbstractApplicationContext.java:869)
	at org.springframework.context.support.AbstractApplicationContext.refresh(AbstractApplicationContext.java:550)
	at org.springframework.boot.web.servlet.context.ServletWebServerApplicationContext.refresh(ServletWebServerApplicationContext.java:140)
	at org.springframework.boot.SpringApplication.refresh(SpringApplication.java:759)
	at org.springframework.boot.SpringApplication.refreshContext(SpringApplication.java:395)
	at org.springframework.boot.SpringApplication.run(SpringApplication.java:327)
	at org.springframework.boot.SpringApplication.run(SpringApplication.java:1255)
	at org.springframework.boot.SpringApplication.run(SpringApplication.java:1243)
	at com.zdmedtech.wms.WmsApplication.main(WmsApplication.java:12)
	at sun.reflect.NativeMethodAccessorImpl.invoke0(Native Method)
	at sun.reflect.NativeMethodAccessorImpl.invoke(NativeMethodAccessorImpl.java:62)
	at sun.reflect.DelegatingMethodAccessorImpl.invoke(DelegatingMethodAccessorImpl.java:43)
	at java.lang.reflect.Method.invoke(Method.java:498)
	at org.springframework.boot.devtools.restart.RestartLauncher.run(RestartLauncher.java:49)
Caused by: java.lang.IllegalStateException: Failed to introspect Class [com.zdmedtech.wms.rest.RoleResource] from ClassLoader [org.springframework.boot.devtools.restart.classloader.RestartClassLoader@3ce412c0]
	at org.springframework.util.ReflectionUtils.getDeclaredFields(ReflectionUtils.java:758)
	at org.springframework.util.ReflectionUtils.doWithLocalFields(ReflectionUtils.java:690)
	at org.springframework.orm.jpa.support.PersistenceAnnotationBeanPostProcessor.buildPersistenceMetadata(PersistenceAnnotationBeanPostProcessor.java:410)
	at org.springframework.orm.jpa.support.PersistenceAnnotationBeanPostProcessor.findPersistenceMetadata(PersistenceAnnotationBeanPostProcessor.java:394)
	at org.springframework.orm.jpa.support.PersistenceAnnotationBeanPostProcessor.postProcessMergedBeanDefinition(PersistenceAnnotationBeanPostProcessor.java:332)
	at org.springframework.beans.factory.support.AbstractAutowireCapableBeanFactory.applyMergedBeanDefinitionPostProcessors(AbstractAutowireCapableBeanFactory.java:1022)
	at org.springframework.beans.factory.support.AbstractAutowireCapableBeanFactory.doCreateBean(AbstractAutowireCapableBeanFactory.java:555)
	... 20 common frames omitted
Caused by: java.lang.NoClassDefFoundError: Lcom/zdmedtech/wms/service/RoleService;
	at java.lang.Class.getDeclaredFields0(Native Method)
	at java.lang.Class.privateGetDeclaredFields(Class.java:2583)
	at java.lang.Class.getDeclaredFields(Class.java:1916)
	at org.springframework.util.ReflectionUtils.getDeclaredFields(ReflectionUtils.java:753)
	... 26 common frames omitted
Caused by: java.lang.ClassNotFoundException: com.zdmedtech.wms.service.RoleService
	at java.net.URLClassLoader.findClass(URLClassLoader.java:381)
	at java.lang.ClassLoader.loadClass(ClassLoader.java:424)
	at sun.misc.Launcher$AppClassLoader.loadClass(Launcher.java:331)
	at java.lang.ClassLoader.loadClass(ClassLoader.java:357)
	at org.springframework.boot.devtools.restart.classloader.RestartClassLoader.loadClass(RestartClassLoader.java:148)
	at java.lang.ClassLoader.loadClass(ClassLoader.java:357)
	... 30 common frames omitted

2018-07-13 18:44:09.487  INFO 15277 --- [restartedMain] com.zdmedtech.wms.WmsApplication         : Starting WmsApplication on ChoodeMacBook-Pro.local with PID 15277 (/Users/choostefan/Work/IdeaWorkspace/wms/target/classes started by choostefan in /Users/choostefan/Work/IdeaWorkspace/wms)
2018-07-13 18:44:09.488 DEBUG 15277 --- [restartedMain] com.zdmedtech.wms.WmsApplication         : Running with Spring Boot v2.0.3.RELEASE, Spring v5.0.7.RELEASE
2018-07-13 18:44:09.488  INFO 15277 --- [restartedMain] com.zdmedtech.wms.WmsApplication         : No active profile set, falling back to default profiles: default
2018-07-13 18:44:10.517  WARN 15277 --- [restartedMain] aWebConfiguration$JpaWebMvcConfiguration : spring.jpa.open-in-view is enabled by default. Therefore, database queries may be performed during view rendering. Explicitly configure spring.jpa.open-in-view to disable this warning
2018-07-13 18:44:10.603  INFO 15277 --- [restartedMain] com.zdmedtech.wms.WmsApplication         : Started WmsApplication in 1.139 seconds (JVM running for 1220.992)
2018-07-13 18:44:15.265  INFO 15480 --- [restartedMain] com.zdmedtech.wms.WmsApplication         : Starting WmsApplication on ChoodeMacBook-Pro.local with PID 15480 (/Users/choostefan/Work/IdeaWorkspace/wms/target/classes started by choostefan in /Users/choostefan/Work/IdeaWorkspace/wms)
2018-07-13 18:44:15.266 DEBUG 15480 --- [restartedMain] com.zdmedtech.wms.WmsApplication         : Running with Spring Boot v2.0.3.RELEASE, Spring v5.0.7.RELEASE
2018-07-13 18:44:15.268  INFO 15480 --- [restartedMain] com.zdmedtech.wms.WmsApplication         : No active profile set, falling back to default profiles: default
2018-07-13 18:44:20.988  WARN 15480 --- [restartedMain] aWebConfiguration$JpaWebMvcConfiguration : spring.jpa.open-in-view is enabled by default. Therefore, database queries may be performed during view rendering. Explicitly configure spring.jpa.open-in-view to disable this warning
2018-07-13 18:44:21.513  INFO 15480 --- [restartedMain] com.zdmedtech.wms.WmsApplication         : Started WmsApplication in 6.972 seconds (JVM running for 7.613)
2018-07-13 18:44:29.177  INFO 15480 --- [http-nio-8080-exec-1] com.zdmedtech.wms.service.RoleService    : vm = 
2018-07-13 18:44:29.333 ERROR 15480 --- [http-nio-8080-exec-1] o.a.c.c.C.[.[.[/].[dispatcherServlet]    : Servlet.service() for servlet [dispatcherServlet] in context with path [] threw exception [Request processing failed; nested exception is java.lang.NullPointerException] with root cause

java.lang.NullPointerException: null
	at com.zdmedtech.wms.service.RoleService.login(RoleService.java:44)
	at com.zdmedtech.wms.service.RoleService$$FastClassBySpringCGLIB$$407dbf52.invoke(<generated>)
	at org.springframework.cglib.proxy.MethodProxy.invoke(MethodProxy.java:204)
	at org.springframework.aop.framework.CglibAopProxy$CglibMethodInvocation.invokeJoinpoint(CglibAopProxy.java:746)
	at org.springframework.aop.framework.ReflectiveMethodInvocation.proceed(ReflectiveMethodInvocation.java:163)
	at org.springframework.transaction.interceptor.TransactionAspectSupport.invokeWithinTransaction(TransactionAspectSupport.java:294)
	at org.springframework.transaction.interceptor.TransactionInterceptor.invoke(TransactionInterceptor.java:98)
	at org.springframework.aop.framework.ReflectiveMethodInvocation.proceed(ReflectiveMethodInvocation.java:185)
	at org.springframework.aop.framework.CglibAopProxy$DynamicAdvisedInterceptor.intercept(CglibAopProxy.java:688)
	at com.zdmedtech.wms.service.RoleService$$EnhancerBySpringCGLIB$$545ba6ab.login(<generated>)
	at com.zdmedtech.wms.rest.RoleResource.login(RoleResource.java:24)
	at sun.reflect.NativeMethodAccessorImpl.invoke0(Native Method)
	at sun.reflect.NativeMethodAccessorImpl.invoke(NativeMethodAccessorImpl.java:62)
	at sun.reflect.DelegatingMethodAccessorImpl.invoke(DelegatingMethodAccessorImpl.java:43)
	at java.lang.reflect.Method.invoke(Method.java:498)
	at org.springframework.web.method.support.InvocableHandlerMethod.doInvoke(InvocableHandlerMethod.java:209)
	at org.springframework.web.method.support.InvocableHandlerMethod.invokeForRequest(InvocableHandlerMethod.java:136)
	at org.springframework.web.servlet.mvc.method.annotation.ServletInvocableHandlerMethod.invokeAndHandle(ServletInvocableHandlerMethod.java:102)
	at org.springframework.web.servlet.mvc.method.annotation.RequestMappingHandlerAdapter.invokeHandlerMethod(RequestMappingHandlerAdapter.java:877)
	at org.springframework.web.servlet.mvc.method.annotation.RequestMappingHandlerAdapter.handleInternal(RequestMappingHandlerAdapter.java:783)
	at org.springframework.web.servlet.mvc.method.AbstractHandlerMethodAdapter.handle(AbstractHandlerMethodAdapter.java:87)
	at org.springframework.web.servlet.DispatcherServlet.doDispatch(DispatcherServlet.java:991)
	at org.springframework.web.servlet.DispatcherServlet.doService(DispatcherServlet.java:925)
	at org.springframework.web.servlet.FrameworkServlet.processRequest(FrameworkServlet.java:974)
	at org.springframework.web.servlet.FrameworkServlet.doPost(FrameworkServlet.java:877)
	at javax.servlet.http.HttpServlet.service(HttpServlet.java:661)
	at org.springframework.web.servlet.FrameworkServlet.service(FrameworkServlet.java:851)
	at javax.servlet.http.HttpServlet.service(HttpServlet.java:742)
	at org.apache.catalina.core.ApplicationFilterChain.internalDoFilter(ApplicationFilterChain.java:231)
	at org.apache.catalina.core.ApplicationFilterChain.doFilter(ApplicationFilterChain.java:166)
	at org.apache.tomcat.websocket.server.WsFilter.doFilter(WsFilter.java:52)
	at org.apache.catalina.core.ApplicationFilterChain.internalDoFilter(ApplicationFilterChain.java:193)
	at org.apache.catalina.core.ApplicationFilterChain.doFilter(ApplicationFilterChain.java:166)
	at org.springframework.web.filter.RequestContextFilter.doFilterInternal(RequestContextFilter.java:99)
	at org.springframework.web.filter.OncePerRequestFilter.doFilter(OncePerRequestFilter.java:107)
	at org.apache.catalina.core.ApplicationFilterChain.internalDoFilter(ApplicationFilterChain.java:193)
	at org.apache.catalina.core.ApplicationFilterChain.doFilter(ApplicationFilterChain.java:166)
	at org.springframework.web.filter.HttpPutFormContentFilter.doFilterInternal(HttpPutFormContentFilter.java:109)
	at org.springframework.web.filter.OncePerRequestFilter.doFilter(OncePerRequestFilter.java:107)
	at org.apache.catalina.core.ApplicationFilterChain.internalDoFilter(ApplicationFilterChain.java:193)
	at org.apache.catalina.core.ApplicationFilterChain.doFilter(ApplicationFilterChain.java:166)
	at org.springframework.web.filter.HiddenHttpMethodFilter.doFilterInternal(HiddenHttpMethodFilter.java:93)
	at org.springframework.web.filter.OncePerRequestFilter.doFilter(OncePerRequestFilter.java:107)
	at org.apache.catalina.core.ApplicationFilterChain.internalDoFilter(ApplicationFilterChain.java:193)
	at org.apache.catalina.core.ApplicationFilterChain.doFilter(ApplicationFilterChain.java:166)
	at org.springframework.web.filter.CharacterEncodingFilter.doFilterInternal(CharacterEncodingFilter.java:200)
	at org.springframework.web.filter.OncePerRequestFilter.doFilter(OncePerRequestFilter.java:107)
	at org.apache.catalina.core.ApplicationFilterChain.internalDoFilter(ApplicationFilterChain.java:193)
	at org.apache.catalina.core.ApplicationFilterChain.doFilter(ApplicationFilterChain.java:166)
	at org.apache.catalina.core.StandardWrapperValve.invoke(StandardWrapperValve.java:198)
	at org.apache.catalina.core.StandardContextValve.invoke(StandardContextValve.java:96)
	at org.apache.catalina.authenticator.AuthenticatorBase.invoke(AuthenticatorBase.java:496)
	at org.apache.catalina.core.StandardHostValve.invoke(StandardHostValve.java:140)
	at org.apache.catalina.valves.ErrorReportValve.invoke(ErrorReportValve.java:81)
	at org.apache.catalina.core.StandardEngineValve.invoke(StandardEngineValve.java:87)
	at org.apache.catalina.connector.CoyoteAdapter.service(CoyoteAdapter.java:342)
	at org.apache.coyote.http11.Http11Processor.service(Http11Processor.java:803)
	at org.apache.coyote.AbstractProcessorLight.process(AbstractProcessorLight.java:66)
	at org.apache.coyote.AbstractProtocol$ConnectionHandler.process(AbstractProtocol.java:790)
	at org.apache.tomcat.util.net.NioEndpoint$SocketProcessor.doRun(NioEndpoint.java:1468)
	at org.apache.tomcat.util.net.SocketProcessorBase.run(SocketProcessorBase.java:49)
	at java.util.concurrent.ThreadPoolExecutor.runWorker(ThreadPoolExecutor.java:1142)
	at java.util.concurrent.ThreadPoolExecutor$Worker.run(ThreadPoolExecutor.java:617)
	at org.apache.tomcat.util.threads.TaskThread$WrappingRunnable.run(TaskThread.java:61)
	at java.lang.Thread.run(Thread.java:745)

2018-07-13 18:44:52.503  INFO 15480 --- [restartedMain] com.zdmedtech.wms.WmsApplication         : Starting WmsApplication on ChoodeMacBook-Pro.local with PID 15480 (/Users/choostefan/Work/IdeaWorkspace/wms/target/classes started by choostefan in /Users/choostefan/Work/IdeaWorkspace/wms)
2018-07-13 18:44:52.503 DEBUG 15480 --- [restartedMain] com.zdmedtech.wms.WmsApplication         : Running with Spring Boot v2.0.3.RELEASE, Spring v5.0.7.RELEASE
2018-07-13 18:44:52.504  INFO 15480 --- [restartedMain] com.zdmedtech.wms.WmsApplication         : No active profile set, falling back to default profiles: default
2018-07-13 18:44:54.009  WARN 15480 --- [restartedMain] aWebConfiguration$JpaWebMvcConfiguration : spring.jpa.open-in-view is enabled by default. Therefore, database queries may be performed during view rendering. Explicitly configure spring.jpa.open-in-view to disable this warning
2018-07-13 18:44:54.124  INFO 15480 --- [restartedMain] com.zdmedtech.wms.WmsApplication         : Started WmsApplication in 1.674 seconds (JVM running for 40.225)
2018-07-13 18:44:55.868  INFO 15480 --- [restartedMain] com.zdmedtech.wms.WmsApplication         : Starting WmsApplication on ChoodeMacBook-Pro.local with PID 15480 (/Users/choostefan/Work/IdeaWorkspace/wms/target/classes started by choostefan in /Users/choostefan/Work/IdeaWorkspace/wms)
2018-07-13 18:44:55.869 DEBUG 15480 --- [restartedMain] com.zdmedtech.wms.WmsApplication         : Running with Spring Boot v2.0.3.RELEASE, Spring v5.0.7.RELEASE
2018-07-13 18:44:55.870  INFO 15480 --- [restartedMain] com.zdmedtech.wms.WmsApplication         : No active profile set, falling back to default profiles: default
2018-07-13 18:44:57.288  WARN 15480 --- [restartedMain] aWebConfiguration$JpaWebMvcConfiguration : spring.jpa.open-in-view is enabled by default. Therefore, database queries may be performed during view rendering. Explicitly configure spring.jpa.open-in-view to disable this warning
2018-07-13 18:44:57.413  INFO 15480 --- [restartedMain] com.zdmedtech.wms.WmsApplication         : Started WmsApplication in 1.592 seconds (JVM running for 43.514)
2018-07-13 18:45:21.796  INFO 15480 --- [restartedMain] com.zdmedtech.wms.WmsApplication         : Starting WmsApplication on ChoodeMacBook-Pro.local with PID 15480 (/Users/choostefan/Work/IdeaWorkspace/wms/target/classes started by choostefan in /Users/choostefan/Work/IdeaWorkspace/wms)
2018-07-13 18:45:21.796 DEBUG 15480 --- [restartedMain] com.zdmedtech.wms.WmsApplication         : Running with Spring Boot v2.0.3.RELEASE, Spring v5.0.7.RELEASE
2018-07-13 18:45:21.797  INFO 15480 --- [restartedMain] com.zdmedtech.wms.WmsApplication         : No active profile set, falling back to default profiles: default
2018-07-13 18:45:23.665  WARN 15480 --- [restartedMain] aWebConfiguration$JpaWebMvcConfiguration : spring.jpa.open-in-view is enabled by default. Therefore, database queries may be performed during view rendering. Explicitly configure spring.jpa.open-in-view to disable this warning
2018-07-13 18:45:23.828  INFO 15480 --- [restartedMain] com.zdmedtech.wms.WmsApplication         : Started WmsApplication in 2.077 seconds (JVM running for 69.93)
2018-07-13 18:45:49.792  INFO 15480 --- [restartedMain] com.zdmedtech.wms.WmsApplication         : Starting WmsApplication on ChoodeMacBook-Pro.local with PID 15480 (/Users/choostefan/Work/IdeaWorkspace/wms/target/classes started by choostefan in /Users/choostefan/Work/IdeaWorkspace/wms)
2018-07-13 18:45:49.792 DEBUG 15480 --- [restartedMain] com.zdmedtech.wms.WmsApplication         : Running with Spring Boot v2.0.3.RELEASE, Spring v5.0.7.RELEASE
2018-07-13 18:45:49.792  INFO 15480 --- [restartedMain] com.zdmedtech.wms.WmsApplication         : No active profile set, falling back to default profiles: default
2018-07-13 18:45:51.061  WARN 15480 --- [restartedMain] aWebConfiguration$JpaWebMvcConfiguration : spring.jpa.open-in-view is enabled by default. Therefore, database queries may be performed during view rendering. Explicitly configure spring.jpa.open-in-view to disable this warning
2018-07-13 18:45:51.155  INFO 15480 --- [restartedMain] com.zdmedtech.wms.WmsApplication         : Started WmsApplication in 1.398 seconds (JVM running for 97.258)
2018-07-13 18:45:56.188  INFO 15480 --- [http-nio-8080-exec-2] com.zdmedtech.wms.service.RoleService    : vm.getRole=
2018-07-13 18:45:56.196 ERROR 15480 --- [http-nio-8080-exec-2] o.a.c.c.C.[.[.[/].[dispatcherServlet]    : Servlet.service() for servlet [dispatcherServlet] in context with path [] threw exception [Request processing failed; nested exception is java.lang.NullPointerException] with root cause

java.lang.NullPointerException: null
	at com.zdmedtech.wms.service.RoleService.login(RoleService.java:44)
	at com.zdmedtech.wms.service.RoleService$$FastClassBySpringCGLIB$$407dbf52.invoke(<generated>)
	at org.springframework.cglib.proxy.MethodProxy.invoke(MethodProxy.java:204)
	at org.springframework.aop.framework.CglibAopProxy$CglibMethodInvocation.invokeJoinpoint(CglibAopProxy.java:746)
	at org.springframework.aop.framework.ReflectiveMethodInvocation.proceed(ReflectiveMethodInvocation.java:163)
	at org.springframework.transaction.interceptor.TransactionAspectSupport.invokeWithinTransaction(TransactionAspectSupport.java:294)
	at org.springframework.transaction.interceptor.TransactionInterceptor.invoke(TransactionInterceptor.java:98)
	at org.springframework.aop.framework.ReflectiveMethodInvocation.proceed(ReflectiveMethodInvocation.java:185)
	at org.springframework.aop.framework.CglibAopProxy$DynamicAdvisedInterceptor.intercept(CglibAopProxy.java:688)
	at com.zdmedtech.wms.service.RoleService$$EnhancerBySpringCGLIB$$545ba6ab.login(<generated>)
	at com.zdmedtech.wms.rest.RoleResource.login(RoleResource.java:24)
	at sun.reflect.NativeMethodAccessorImpl.invoke0(Native Method)
	at sun.reflect.NativeMethodAccessorImpl.invoke(NativeMethodAccessorImpl.java:62)
	at sun.reflect.DelegatingMethodAccessorImpl.invoke(DelegatingMethodAccessorImpl.java:43)
	at java.lang.reflect.Method.invoke(Method.java:498)
	at org.springframework.web.method.support.InvocableHandlerMethod.doInvoke(InvocableHandlerMethod.java:209)
	at org.springframework.web.method.support.InvocableHandlerMethod.invokeForRequest(InvocableHandlerMethod.java:136)
	at org.springframework.web.servlet.mvc.method.annotation.ServletInvocableHandlerMethod.invokeAndHandle(ServletInvocableHandlerMethod.java:102)
	at org.springframework.web.servlet.mvc.method.annotation.RequestMappingHandlerAdapter.invokeHandlerMethod(RequestMappingHandlerAdapter.java:877)
	at org.springframework.web.servlet.mvc.method.annotation.RequestMappingHandlerAdapter.handleInternal(RequestMappingHandlerAdapter.java:783)
	at org.springframework.web.servlet.mvc.method.AbstractHandlerMethodAdapter.handle(AbstractHandlerMethodAdapter.java:87)
	at org.springframework.web.servlet.DispatcherServlet.doDispatch(DispatcherServlet.java:991)
	at org.springframework.web.servlet.DispatcherServlet.doService(DispatcherServlet.java:925)
	at org.springframework.web.servlet.FrameworkServlet.processRequest(FrameworkServlet.java:974)
	at org.springframework.web.servlet.FrameworkServlet.doPost(FrameworkServlet.java:877)
	at javax.servlet.http.HttpServlet.service(HttpServlet.java:661)
	at org.springframework.web.servlet.FrameworkServlet.service(FrameworkServlet.java:851)
	at javax.servlet.http.HttpServlet.service(HttpServlet.java:742)
	at org.apache.catalina.core.ApplicationFilterChain.internalDoFilter(ApplicationFilterChain.java:231)
	at org.apache.catalina.core.ApplicationFilterChain.doFilter(ApplicationFilterChain.java:166)
	at org.apache.tomcat.websocket.server.WsFilter.doFilter(WsFilter.java:52)
	at org.apache.catalina.core.ApplicationFilterChain.internalDoFilter(ApplicationFilterChain.java:193)
	at org.apache.catalina.core.ApplicationFilterChain.doFilter(ApplicationFilterChain.java:166)
	at org.springframework.web.filter.RequestContextFilter.doFilterInternal(RequestContextFilter.java:99)
	at org.springframework.web.filter.OncePerRequestFilter.doFilter(OncePerRequestFilter.java:107)
	at org.apache.catalina.core.ApplicationFilterChain.internalDoFilter(ApplicationFilterChain.java:193)
	at org.apache.catalina.core.ApplicationFilterChain.doFilter(ApplicationFilterChain.java:166)
	at org.springframework.web.filter.HttpPutFormContentFilter.doFilterInternal(HttpPutFormContentFilter.java:109)
	at org.springframework.web.filter.OncePerRequestFilter.doFilter(OncePerRequestFilter.java:107)
	at org.apache.catalina.core.ApplicationFilterChain.internalDoFilter(ApplicationFilterChain.java:193)
	at org.apache.catalina.core.ApplicationFilterChain.doFilter(ApplicationFilterChain.java:166)
	at org.springframework.web.filter.HiddenHttpMethodFilter.doFilterInternal(HiddenHttpMethodFilter.java:93)
	at org.springframework.web.filter.OncePerRequestFilter.doFilter(OncePerRequestFilter.java:107)
	at org.apache.catalina.core.ApplicationFilterChain.internalDoFilter(ApplicationFilterChain.java:193)
	at org.apache.catalina.core.ApplicationFilterChain.doFilter(ApplicationFilterChain.java:166)
	at org.springframework.web.filter.CharacterEncodingFilter.doFilterInternal(CharacterEncodingFilter.java:200)
	at org.springframework.web.filter.OncePerRequestFilter.doFilter(OncePerRequestFilter.java:107)
	at org.apache.catalina.core.ApplicationFilterChain.internalDoFilter(ApplicationFilterChain.java:193)
	at org.apache.catalina.core.ApplicationFilterChain.doFilter(ApplicationFilterChain.java:166)
	at org.apache.catalina.core.StandardWrapperValve.invoke(StandardWrapperValve.java:198)
	at org.apache.catalina.core.StandardContextValve.invoke(StandardContextValve.java:96)
	at org.apache.catalina.authenticator.AuthenticatorBase.invoke(AuthenticatorBase.java:496)
	at org.apache.catalina.core.StandardHostValve.invoke(StandardHostValve.java:140)
	at org.apache.catalina.valves.ErrorReportValve.invoke(ErrorReportValve.java:81)
	at org.apache.catalina.core.StandardEngineValve.invoke(StandardEngineValve.java:87)
	at org.apache.catalina.connector.CoyoteAdapter.service(CoyoteAdapter.java:342)
	at org.apache.coyote.http11.Http11Processor.service(Http11Processor.java:803)
	at org.apache.coyote.AbstractProcessorLight.process(AbstractProcessorLight.java:66)
	at org.apache.coyote.AbstractProtocol$ConnectionHandler.process(AbstractProtocol.java:790)
	at org.apache.tomcat.util.net.NioEndpoint$SocketProcessor.doRun(NioEndpoint.java:1468)
	at org.apache.tomcat.util.net.SocketProcessorBase.run(SocketProcessorBase.java:49)
	at java.util.concurrent.ThreadPoolExecutor.runWorker(ThreadPoolExecutor.java:1142)
	at java.util.concurrent.ThreadPoolExecutor$Worker.run(ThreadPoolExecutor.java:617)
	at org.apache.tomcat.util.threads.TaskThread$WrappingRunnable.run(TaskThread.java:61)
	at java.lang.Thread.run(Thread.java:745)

2018-07-13 18:48:29.341  INFO 15480 --- [restartedMain] com.zdmedtech.wms.WmsApplication         : Starting WmsApplication on ChoodeMacBook-Pro.local with PID 15480 (/Users/choostefan/Work/IdeaWorkspace/wms/target/classes started by choostefan in /Users/choostefan/Work/IdeaWorkspace/wms)
2018-07-13 18:48:29.341 DEBUG 15480 --- [restartedMain] com.zdmedtech.wms.WmsApplication         : Running with Spring Boot v2.0.3.RELEASE, Spring v5.0.7.RELEASE
2018-07-13 18:48:29.342  INFO 15480 --- [restartedMain] com.zdmedtech.wms.WmsApplication         : No active profile set, falling back to default profiles: default
2018-07-13 18:48:30.708  WARN 15480 --- [restartedMain] aWebConfiguration$JpaWebMvcConfiguration : spring.jpa.open-in-view is enabled by default. Therefore, database queries may be performed during view rendering. Explicitly configure spring.jpa.open-in-view to disable this warning
2018-07-13 18:48:30.812  INFO 15480 --- [restartedMain] com.zdmedtech.wms.WmsApplication         : Started WmsApplication in 1.69 seconds (JVM running for 256.923)
2018-07-13 18:48:41.101  INFO 15480 --- [restartedMain] com.zdmedtech.wms.WmsApplication         : Starting WmsApplication on ChoodeMacBook-Pro.local with PID 15480 (/Users/choostefan/Work/IdeaWorkspace/wms/target/classes started by choostefan in /Users/choostefan/Work/IdeaWorkspace/wms)
2018-07-13 18:48:41.101 DEBUG 15480 --- [restartedMain] com.zdmedtech.wms.WmsApplication         : Running with Spring Boot v2.0.3.RELEASE, Spring v5.0.7.RELEASE
2018-07-13 18:48:41.101  INFO 15480 --- [restartedMain] com.zdmedtech.wms.WmsApplication         : No active profile set, falling back to default profiles: default
2018-07-13 18:48:42.231  WARN 15480 --- [restartedMain] aWebConfiguration$JpaWebMvcConfiguration : spring.jpa.open-in-view is enabled by default. Therefore, database queries may be performed during view rendering. Explicitly configure spring.jpa.open-in-view to disable this warning
2018-07-13 18:48:42.325  INFO 15480 --- [restartedMain] com.zdmedtech.wms.WmsApplication         : Started WmsApplication in 1.257 seconds (JVM running for 268.437)
2018-07-13 18:49:11.376  INFO 15480 --- [http-nio-8080-exec-2] com.zdmedtech.wms.service.RoleService    : vm.getRole=
2018-07-13 18:49:35.887  INFO 15480 --- [http-nio-8080-exec-3] com.zdmedtech.wms.service.RoleService    : vm.getRole=
2018-07-13 18:49:56.757  INFO 15480 --- [restartedMain] com.zdmedtech.wms.WmsApplication         : Starting WmsApplication on ChoodeMacBook-Pro.local with PID 15480 (/Users/choostefan/Work/IdeaWorkspace/wms/target/classes started by choostefan in /Users/choostefan/Work/IdeaWorkspace/wms)
2018-07-13 18:49:56.758 DEBUG 15480 --- [restartedMain] com.zdmedtech.wms.WmsApplication         : Running with Spring Boot v2.0.3.RELEASE, Spring v5.0.7.RELEASE
2018-07-13 18:49:56.759  INFO 15480 --- [restartedMain] com.zdmedtech.wms.WmsApplication         : No active profile set, falling back to default profiles: default
2018-07-13 18:49:58.302  WARN 15480 --- [restartedMain] aWebConfiguration$JpaWebMvcConfiguration : spring.jpa.open-in-view is enabled by default. Therefore, database queries may be performed during view rendering. Explicitly configure spring.jpa.open-in-view to disable this warning
2018-07-13 18:49:58.407  INFO 15480 --- [restartedMain] com.zdmedtech.wms.WmsApplication         : Started WmsApplication in 1.693 seconds (JVM running for 344.522)
2018-07-13 18:50:01.597  INFO 15480 --- [restartedMain] com.zdmedtech.wms.WmsApplication         : Starting WmsApplication on ChoodeMacBook-Pro.local with PID 15480 (/Users/choostefan/Work/IdeaWorkspace/wms/target/classes started by choostefan in /Users/choostefan/Work/IdeaWorkspace/wms)
2018-07-13 18:50:01.598 DEBUG 15480 --- [restartedMain] com.zdmedtech.wms.WmsApplication         : Running with Spring Boot v2.0.3.RELEASE, Spring v5.0.7.RELEASE
2018-07-13 18:50:01.598  INFO 15480 --- [restartedMain] com.zdmedtech.wms.WmsApplication         : No active profile set, falling back to default profiles: default
2018-07-13 18:50:02.688  WARN 15480 --- [restartedMain] aWebConfiguration$JpaWebMvcConfiguration : spring.jpa.open-in-view is enabled by default. Therefore, database queries may be performed during view rendering. Explicitly configure spring.jpa.open-in-view to disable this warning
2018-07-13 18:50:02.768  INFO 15480 --- [restartedMain] com.zdmedtech.wms.WmsApplication         : Started WmsApplication in 1.202 seconds (JVM running for 348.883)
2018-07-13 18:50:12.510  INFO 15480 --- [restartedMain] com.zdmedtech.wms.WmsApplication         : Starting WmsApplication on ChoodeMacBook-Pro.local with PID 15480 (/Users/choostefan/Work/IdeaWorkspace/wms/target/classes started by choostefan in /Users/choostefan/Work/IdeaWorkspace/wms)
2018-07-13 18:50:12.510 DEBUG 15480 --- [restartedMain] com.zdmedtech.wms.WmsApplication         : Running with Spring Boot v2.0.3.RELEASE, Spring v5.0.7.RELEASE
2018-07-13 18:50:12.510  INFO 15480 --- [restartedMain] com.zdmedtech.wms.WmsApplication         : No active profile set, falling back to default profiles: default
2018-07-13 18:50:13.672  WARN 15480 --- [restartedMain] aWebConfiguration$JpaWebMvcConfiguration : spring.jpa.open-in-view is enabled by default. Therefore, database queries may be performed during view rendering. Explicitly configure spring.jpa.open-in-view to disable this warning
2018-07-13 18:50:13.757  INFO 15480 --- [restartedMain] com.zdmedtech.wms.WmsApplication         : Started WmsApplication in 1.274 seconds (JVM running for 359.872)
2018-07-13 18:51:32.150  INFO 15480 --- [restartedMain] com.zdmedtech.wms.WmsApplication         : Starting WmsApplication on ChoodeMacBook-Pro.local with PID 15480 (/Users/choostefan/Work/IdeaWorkspace/wms/target/classes started by choostefan in /Users/choostefan/Work/IdeaWorkspace/wms)
2018-07-13 18:51:32.150 DEBUG 15480 --- [restartedMain] com.zdmedtech.wms.WmsApplication         : Running with Spring Boot v2.0.3.RELEASE, Spring v5.0.7.RELEASE
2018-07-13 18:51:32.151  INFO 15480 --- [restartedMain] com.zdmedtech.wms.WmsApplication         : No active profile set, falling back to default profiles: default
2018-07-13 18:51:33.171  WARN 15480 --- [restartedMain] aWebConfiguration$JpaWebMvcConfiguration : spring.jpa.open-in-view is enabled by default. Therefore, database queries may be performed during view rendering. Explicitly configure spring.jpa.open-in-view to disable this warning
2018-07-13 18:51:33.249  INFO 15480 --- [restartedMain] com.zdmedtech.wms.WmsApplication         : Started WmsApplication in 1.126 seconds (JVM running for 439.368)
2018-07-13 18:52:43.365  WARN 15480 --- [http-nio-8080-exec-2] o.s.web.servlet.PageNotFound             : Request method 'POST' not supported
2018-07-13 18:52:43.367  WARN 15480 --- [http-nio-8080-exec-2] .w.s.m.s.DefaultHandlerExceptionResolver : Resolved exception caused by Handler execution: org.springframework.web.HttpRequestMethodNotSupportedException: Request method 'POST' not supported
2018-07-13 18:53:03.628 ERROR 15480 --- [http-nio-8080-exec-4] o.a.c.c.C.[.[.[/].[dispatcherServlet]    : Servlet.service() for servlet [dispatcherServlet] in context with path [] threw exception [Request processing failed; nested exception is javax.persistence.EntityNotFoundException: Unable to find com.zdmedtech.wms.domain.User with id 4] with root cause

javax.persistence.EntityNotFoundException: Unable to find com.zdmedtech.wms.domain.User with id 4
	at org.hibernate.jpa.boot.internal.EntityManagerFactoryBuilderImpl$JpaEntityNotFoundDelegate.handleEntityNotFound(EntityManagerFactoryBuilderImpl.java:159)
	at org.hibernate.proxy.AbstractLazyInitializer.checkTargetState(AbstractLazyInitializer.java:244)
	at org.hibernate.proxy.AbstractLazyInitializer.initialize(AbstractLazyInitializer.java:166)
	at org.hibernate.proxy.AbstractLazyInitializer.getImplementation(AbstractLazyInitializer.java:268)
	at org.hibernate.proxy.pojo.javassist.JavassistLazyInitializer.invoke(JavassistLazyInitializer.java:73)
	at com.zdmedtech.wms.domain.User_$$_jvst10b_7d.getPassword(User_$$_jvst10b_7d.java)
	at com.zdmedtech.wms.service.RoleService.lambda$updatePwd$2(RoleService.java:57)
	at java.util.Optional.map(Optional.java:215)
	at com.zdmedtech.wms.service.RoleService.updatePwd(RoleService.java:56)
	at com.zdmedtech.wms.service.RoleService$$FastClassBySpringCGLIB$$407dbf52.invoke(<generated>)
	at org.springframework.cglib.proxy.MethodProxy.invoke(MethodProxy.java:204)
	at org.springframework.aop.framework.CglibAopProxy$CglibMethodInvocation.invokeJoinpoint(CglibAopProxy.java:746)
	at org.springframework.aop.framework.ReflectiveMethodInvocation.proceed(ReflectiveMethodInvocation.java:163)
	at org.springframework.transaction.interceptor.TransactionAspectSupport.invokeWithinTransaction(TransactionAspectSupport.java:294)
	at org.springframework.transaction.interceptor.TransactionInterceptor.invoke(TransactionInterceptor.java:98)
	at org.springframework.aop.framework.ReflectiveMethodInvocation.proceed(ReflectiveMethodInvocation.java:185)
	at org.springframework.aop.framework.CglibAopProxy$DynamicAdvisedInterceptor.intercept(CglibAopProxy.java:688)
	at com.zdmedtech.wms.service.RoleService$$EnhancerBySpringCGLIB$$545ba6ab.updatePwd(<generated>)
	at com.zdmedtech.wms.rest.RoleResource.updatePwd(RoleResource.java:29)
	at sun.reflect.NativeMethodAccessorImpl.invoke0(Native Method)
	at sun.reflect.NativeMethodAccessorImpl.invoke(NativeMethodAccessorImpl.java:62)
	at sun.reflect.DelegatingMethodAccessorImpl.invoke(DelegatingMethodAccessorImpl.java:43)
	at java.lang.reflect.Method.invoke(Method.java:498)
	at org.springframework.web.method.support.InvocableHandlerMethod.doInvoke(InvocableHandlerMethod.java:209)
	at org.springframework.web.method.support.InvocableHandlerMethod.invokeForRequest(InvocableHandlerMethod.java:136)
	at org.springframework.web.servlet.mvc.method.annotation.ServletInvocableHandlerMethod.invokeAndHandle(ServletInvocableHandlerMethod.java:102)
	at org.springframework.web.servlet.mvc.method.annotation.RequestMappingHandlerAdapter.invokeHandlerMethod(RequestMappingHandlerAdapter.java:877)
	at org.springframework.web.servlet.mvc.method.annotation.RequestMappingHandlerAdapter.handleInternal(RequestMappingHandlerAdapter.java:783)
	at org.springframework.web.servlet.mvc.method.AbstractHandlerMethodAdapter.handle(AbstractHandlerMethodAdapter.java:87)
	at org.springframework.web.servlet.DispatcherServlet.doDispatch(DispatcherServlet.java:991)
	at org.springframework.web.servlet.DispatcherServlet.doService(DispatcherServlet.java:925)
	at org.springframework.web.servlet.FrameworkServlet.processRequest(FrameworkServlet.java:974)
	at org.springframework.web.servlet.FrameworkServlet.doPut(FrameworkServlet.java:888)
	at javax.servlet.http.HttpServlet.service(HttpServlet.java:664)
	at org.springframework.web.servlet.FrameworkServlet.service(FrameworkServlet.java:851)
	at javax.servlet.http.HttpServlet.service(HttpServlet.java:742)
	at org.apache.catalina.core.ApplicationFilterChain.internalDoFilter(ApplicationFilterChain.java:231)
	at org.apache.catalina.core.ApplicationFilterChain.doFilter(ApplicationFilterChain.java:166)
	at org.apache.tomcat.websocket.server.WsFilter.doFilter(WsFilter.java:52)
	at org.apache.catalina.core.ApplicationFilterChain.internalDoFilter(ApplicationFilterChain.java:193)
	at org.apache.catalina.core.ApplicationFilterChain.doFilter(ApplicationFilterChain.java:166)
	at org.springframework.web.filter.RequestContextFilter.doFilterInternal(RequestContextFilter.java:99)
	at org.springframework.web.filter.OncePerRequestFilter.doFilter(OncePerRequestFilter.java:107)
	at org.apache.catalina.core.ApplicationFilterChain.internalDoFilter(ApplicationFilterChain.java:193)
	at org.apache.catalina.core.ApplicationFilterChain.doFilter(ApplicationFilterChain.java:166)
	at org.springframework.web.filter.HttpPutFormContentFilter.doFilterInternal(HttpPutFormContentFilter.java:109)
	at org.springframework.web.filter.OncePerRequestFilter.doFilter(OncePerRequestFilter.java:107)
	at org.apache.catalina.core.ApplicationFilterChain.internalDoFilter(ApplicationFilterChain.java:193)
	at org.apache.catalina.core.ApplicationFilterChain.doFilter(ApplicationFilterChain.java:166)
	at org.springframework.web.filter.HiddenHttpMethodFilter.doFilterInternal(HiddenHttpMethodFilter.java:93)
	at org.springframework.web.filter.OncePerRequestFilter.doFilter(OncePerRequestFilter.java:107)
	at org.apache.catalina.core.ApplicationFilterChain.internalDoFilter(ApplicationFilterChain.java:193)
	at org.apache.catalina.core.ApplicationFilterChain.doFilter(ApplicationFilterChain.java:166)
	at org.springframework.web.filter.CharacterEncodingFilter.doFilterInternal(CharacterEncodingFilter.java:200)
	at org.springframework.web.filter.OncePerRequestFilter.doFilter(OncePerRequestFilter.java:107)
	at org.apache.catalina.core.ApplicationFilterChain.internalDoFilter(ApplicationFilterChain.java:193)
	at org.apache.catalina.core.ApplicationFilterChain.doFilter(ApplicationFilterChain.java:166)
	at org.apache.catalina.core.StandardWrapperValve.invoke(StandardWrapperValve.java:198)
	at org.apache.catalina.core.StandardContextValve.invoke(StandardContextValve.java:96)
	at org.apache.catalina.authenticator.AuthenticatorBase.invoke(AuthenticatorBase.java:496)
	at org.apache.catalina.core.StandardHostValve.invoke(StandardHostValve.java:140)
	at org.apache.catalina.valves.ErrorReportValve.invoke(ErrorReportValve.java:81)
	at org.apache.catalina.core.StandardEngineValve.invoke(StandardEngineValve.java:87)
	at org.apache.catalina.connector.CoyoteAdapter.service(CoyoteAdapter.java:342)
	at org.apache.coyote.http11.Http11Processor.service(Http11Processor.java:803)
	at org.apache.coyote.AbstractProcessorLight.process(AbstractProcessorLight.java:66)
	at org.apache.coyote.AbstractProtocol$ConnectionHandler.process(AbstractProtocol.java:790)
	at org.apache.tomcat.util.net.NioEndpoint$SocketProcessor.doRun(NioEndpoint.java:1468)
	at org.apache.tomcat.util.net.SocketProcessorBase.run(SocketProcessorBase.java:49)
	at java.util.concurrent.ThreadPoolExecutor.runWorker(ThreadPoolExecutor.java:1142)
	at java.util.concurrent.ThreadPoolExecutor$Worker.run(ThreadPoolExecutor.java:617)
	at org.apache.tomcat.util.threads.TaskThread$WrappingRunnable.run(TaskThread.java:61)
	at java.lang.Thread.run(Thread.java:745)

2018-07-13 18:53:48.328  INFO 15480 --- [restartedMain] com.zdmedtech.wms.WmsApplication         : Starting WmsApplication on ChoodeMacBook-Pro.local with PID 15480 (/Users/choostefan/Work/IdeaWorkspace/wms/target/classes started by choostefan in /Users/choostefan/Work/IdeaWorkspace/wms)
2018-07-13 18:53:48.328 DEBUG 15480 --- [restartedMain] com.zdmedtech.wms.WmsApplication         : Running with Spring Boot v2.0.3.RELEASE, Spring v5.0.7.RELEASE
2018-07-13 18:53:48.328  INFO 15480 --- [restartedMain] com.zdmedtech.wms.WmsApplication         : No active profile set, falling back to default profiles: default
2018-07-13 18:53:49.212  WARN 15480 --- [restartedMain] ConfigServletWebServerApplicationContext : Exception encountered during context initialization - cancelling refresh attempt: org.springframework.beans.factory.BeanCreationException: Error creating bean with name 'roleResource' defined in file [/Users/choostefan/Work/IdeaWorkspace/wms/target/classes/com/zdmedtech/wms/rest/RoleResource.class]: Post-processing of merged bean definition failed; nested exception is java.lang.IllegalStateException: Failed to introspect Class [com.zdmedtech.wms.rest.RoleResource] from ClassLoader [org.springframework.boot.devtools.restart.classloader.RestartClassLoader@6e9b54d5]
2018-07-13 18:53:49.225 ERROR 15480 --- [restartedMain] o.s.boot.SpringApplication               : Application run failed

org.springframework.beans.factory.BeanCreationException: Error creating bean with name 'roleResource' defined in file [/Users/choostefan/Work/IdeaWorkspace/wms/target/classes/com/zdmedtech/wms/rest/RoleResource.class]: Post-processing of merged bean definition failed; nested exception is java.lang.IllegalStateException: Failed to introspect Class [com.zdmedtech.wms.rest.RoleResource] from ClassLoader [org.springframework.boot.devtools.restart.classloader.RestartClassLoader@6e9b54d5]
	at org.springframework.beans.factory.support.AbstractAutowireCapableBeanFactory.doCreateBean(AbstractAutowireCapableBeanFactory.java:558)
	at org.springframework.beans.factory.support.AbstractAutowireCapableBeanFactory.createBean(AbstractAutowireCapableBeanFactory.java:503)
	at org.springframework.beans.factory.support.AbstractBeanFactory.lambda$doGetBean$0(AbstractBeanFactory.java:317)
	at org.springframework.beans.factory.support.DefaultSingletonBeanRegistry.getSingleton(DefaultSingletonBeanRegistry.java:222)
	at org.springframework.beans.factory.support.AbstractBeanFactory.doGetBean(AbstractBeanFactory.java:315)
	at org.springframework.beans.factory.support.AbstractBeanFactory.getBean(AbstractBeanFactory.java:199)
	at org.springframework.beans.factory.support.DefaultListableBeanFactory.preInstantiateSingletons(DefaultListableBeanFactory.java:760)
	at org.springframework.context.support.AbstractApplicationContext.finishBeanFactoryInitialization(AbstractApplicationContext.java:869)
	at org.springframework.context.support.AbstractApplicationContext.refresh(AbstractApplicationContext.java:550)
	at org.springframework.boot.web.servlet.context.ServletWebServerApplicationContext.refresh(ServletWebServerApplicationContext.java:140)
	at org.springframework.boot.SpringApplication.refresh(SpringApplication.java:759)
	at org.springframework.boot.SpringApplication.refreshContext(SpringApplication.java:395)
	at org.springframework.boot.SpringApplication.run(SpringApplication.java:327)
	at org.springframework.boot.SpringApplication.run(SpringApplication.java:1255)
	at org.springframework.boot.SpringApplication.run(SpringApplication.java:1243)
	at com.zdmedtech.wms.WmsApplication.main(WmsApplication.java:12)
	at sun.reflect.NativeMethodAccessorImpl.invoke0(Native Method)
	at sun.reflect.NativeMethodAccessorImpl.invoke(NativeMethodAccessorImpl.java:62)
	at sun.reflect.DelegatingMethodAccessorImpl.invoke(DelegatingMethodAccessorImpl.java:43)
	at java.lang.reflect.Method.invoke(Method.java:498)
	at org.springframework.boot.devtools.restart.RestartLauncher.run(RestartLauncher.java:49)
Caused by: java.lang.IllegalStateException: Failed to introspect Class [com.zdmedtech.wms.rest.RoleResource] from ClassLoader [org.springframework.boot.devtools.restart.classloader.RestartClassLoader@6e9b54d5]
	at org.springframework.util.ReflectionUtils.getDeclaredFields(ReflectionUtils.java:758)
	at org.springframework.util.ReflectionUtils.doWithLocalFields(ReflectionUtils.java:690)
	at org.springframework.orm.jpa.support.PersistenceAnnotationBeanPostProcessor.buildPersistenceMetadata(PersistenceAnnotationBeanPostProcessor.java:410)
	at org.springframework.orm.jpa.support.PersistenceAnnotationBeanPostProcessor.findPersistenceMetadata(PersistenceAnnotationBeanPostProcessor.java:394)
	at org.springframework.orm.jpa.support.PersistenceAnnotationBeanPostProcessor.postProcessMergedBeanDefinition(PersistenceAnnotationBeanPostProcessor.java:332)
	at org.springframework.beans.factory.support.AbstractAutowireCapableBeanFactory.applyMergedBeanDefinitionPostProcessors(AbstractAutowireCapableBeanFactory.java:1022)
	at org.springframework.beans.factory.support.AbstractAutowireCapableBeanFactory.doCreateBean(AbstractAutowireCapableBeanFactory.java:555)
	... 20 common frames omitted
Caused by: java.lang.NoClassDefFoundError: Lcom/zdmedtech/wms/service/RoleService;
	at java.lang.Class.getDeclaredFields0(Native Method)
	at java.lang.Class.privateGetDeclaredFields(Class.java:2583)
	at java.lang.Class.getDeclaredFields(Class.java:1916)
	at org.springframework.util.ReflectionUtils.getDeclaredFields(ReflectionUtils.java:753)
	... 26 common frames omitted
Caused by: java.lang.ClassNotFoundException: com.zdmedtech.wms.service.RoleService
	at java.net.URLClassLoader.findClass(URLClassLoader.java:381)
	at java.lang.ClassLoader.loadClass(ClassLoader.java:424)
	at sun.misc.Launcher$AppClassLoader.loadClass(Launcher.java:331)
	at java.lang.ClassLoader.loadClass(ClassLoader.java:357)
	at org.springframework.boot.devtools.restart.classloader.RestartClassLoader.loadClass(RestartClassLoader.java:148)
	at java.lang.ClassLoader.loadClass(ClassLoader.java:357)
	... 30 common frames omitted

2018-07-13 18:54:24.983  INFO 15480 --- [restartedMain] com.zdmedtech.wms.WmsApplication         : Starting WmsApplication on ChoodeMacBook-Pro.local with PID 15480 (/Users/choostefan/Work/IdeaWorkspace/wms/target/classes started by choostefan in /Users/choostefan/Work/IdeaWorkspace/wms)
2018-07-13 18:54:24.983 DEBUG 15480 --- [restartedMain] com.zdmedtech.wms.WmsApplication         : Running with Spring Boot v2.0.3.RELEASE, Spring v5.0.7.RELEASE
2018-07-13 18:54:24.983  INFO 15480 --- [restartedMain] com.zdmedtech.wms.WmsApplication         : No active profile set, falling back to default profiles: default
2018-07-13 18:54:26.017  WARN 15480 --- [restartedMain] aWebConfiguration$JpaWebMvcConfiguration : spring.jpa.open-in-view is enabled by default. Therefore, database queries may be performed during view rendering. Explicitly configure spring.jpa.open-in-view to disable this warning
2018-07-13 18:54:26.092  INFO 15480 --- [restartedMain] com.zdmedtech.wms.WmsApplication         : Started WmsApplication in 1.137 seconds (JVM running for 612.219)
2018-07-13 18:54:33.907  INFO 15480 --- [restartedMain] com.zdmedtech.wms.WmsApplication         : Starting WmsApplication on ChoodeMacBook-Pro.local with PID 15480 (/Users/choostefan/Work/IdeaWorkspace/wms/target/classes started by choostefan in /Users/choostefan/Work/IdeaWorkspace/wms)
2018-07-13 18:54:33.907 DEBUG 15480 --- [restartedMain] com.zdmedtech.wms.WmsApplication         : Running with Spring Boot v2.0.3.RELEASE, Spring v5.0.7.RELEASE
2018-07-13 18:54:33.907  INFO 15480 --- [restartedMain] com.zdmedtech.wms.WmsApplication         : No active profile set, falling back to default profiles: default
2018-07-13 18:54:34.732  WARN 15480 --- [restartedMain] ConfigServletWebServerApplicationContext : Exception encountered during context initialization - cancelling refresh attempt: org.springframework.beans.factory.BeanCreationException: Error creating bean with name 'roleResource' defined in file [/Users/choostefan/Work/IdeaWorkspace/wms/target/classes/com/zdmedtech/wms/rest/RoleResource.class]: Post-processing of merged bean definition failed; nested exception is java.lang.IllegalStateException: Failed to introspect Class [com.zdmedtech.wms.rest.RoleResource] from ClassLoader [org.springframework.boot.devtools.restart.classloader.RestartClassLoader@1a0cbd82]
2018-07-13 18:54:34.742 ERROR 15480 --- [restartedMain] o.s.boot.SpringApplication               : Application run failed

org.springframework.beans.factory.BeanCreationException: Error creating bean with name 'roleResource' defined in file [/Users/choostefan/Work/IdeaWorkspace/wms/target/classes/com/zdmedtech/wms/rest/RoleResource.class]: Post-processing of merged bean definition failed; nested exception is java.lang.IllegalStateException: Failed to introspect Class [com.zdmedtech.wms.rest.RoleResource] from ClassLoader [org.springframework.boot.devtools.restart.classloader.RestartClassLoader@1a0cbd82]
	at org.springframework.beans.factory.support.AbstractAutowireCapableBeanFactory.doCreateBean(AbstractAutowireCapableBeanFactory.java:558)
	at org.springframework.beans.factory.support.AbstractAutowireCapableBeanFactory.createBean(AbstractAutowireCapableBeanFactory.java:503)
	at org.springframework.beans.factory.support.AbstractBeanFactory.lambda$doGetBean$0(AbstractBeanFactory.java:317)
	at org.springframework.beans.factory.support.DefaultSingletonBeanRegistry.getSingleton(DefaultSingletonBeanRegistry.java:222)
	at org.springframework.beans.factory.support.AbstractBeanFactory.doGetBean(AbstractBeanFactory.java:315)
	at org.springframework.beans.factory.support.AbstractBeanFactory.getBean(AbstractBeanFactory.java:199)
	at org.springframework.beans.factory.support.DefaultListableBeanFactory.preInstantiateSingletons(DefaultListableBeanFactory.java:760)
	at org.springframework.context.support.AbstractApplicationContext.finishBeanFactoryInitialization(AbstractApplicationContext.java:869)
	at org.springframework.context.support.AbstractApplicationContext.refresh(AbstractApplicationContext.java:550)
	at org.springframework.boot.web.servlet.context.ServletWebServerApplicationContext.refresh(ServletWebServerApplicationContext.java:140)
	at org.springframework.boot.SpringApplication.refresh(SpringApplication.java:759)
	at org.springframework.boot.SpringApplication.refreshContext(SpringApplication.java:395)
	at org.springframework.boot.SpringApplication.run(SpringApplication.java:327)
	at org.springframework.boot.SpringApplication.run(SpringApplication.java:1255)
	at org.springframework.boot.SpringApplication.run(SpringApplication.java:1243)
	at com.zdmedtech.wms.WmsApplication.main(WmsApplication.java:12)
	at sun.reflect.NativeMethodAccessorImpl.invoke0(Native Method)
	at sun.reflect.NativeMethodAccessorImpl.invoke(NativeMethodAccessorImpl.java:62)
	at sun.reflect.DelegatingMethodAccessorImpl.invoke(DelegatingMethodAccessorImpl.java:43)
	at java.lang.reflect.Method.invoke(Method.java:498)
	at org.springframework.boot.devtools.restart.RestartLauncher.run(RestartLauncher.java:49)
Caused by: java.lang.IllegalStateException: Failed to introspect Class [com.zdmedtech.wms.rest.RoleResource] from ClassLoader [org.springframework.boot.devtools.restart.classloader.RestartClassLoader@1a0cbd82]
	at org.springframework.util.ReflectionUtils.getDeclaredFields(ReflectionUtils.java:758)
	at org.springframework.util.ReflectionUtils.doWithLocalFields(ReflectionUtils.java:690)
	at org.springframework.orm.jpa.support.PersistenceAnnotationBeanPostProcessor.buildPersistenceMetadata(PersistenceAnnotationBeanPostProcessor.java:410)
	at org.springframework.orm.jpa.support.PersistenceAnnotationBeanPostProcessor.findPersistenceMetadata(PersistenceAnnotationBeanPostProcessor.java:394)
	at org.springframework.orm.jpa.support.PersistenceAnnotationBeanPostProcessor.postProcessMergedBeanDefinition(PersistenceAnnotationBeanPostProcessor.java:332)
	at org.springframework.beans.factory.support.AbstractAutowireCapableBeanFactory.applyMergedBeanDefinitionPostProcessors(AbstractAutowireCapableBeanFactory.java:1022)
	at org.springframework.beans.factory.support.AbstractAutowireCapableBeanFactory.doCreateBean(AbstractAutowireCapableBeanFactory.java:555)
	... 20 common frames omitted
Caused by: java.lang.NoClassDefFoundError: Lcom/zdmedtech/wms/service/RoleService;
	at java.lang.Class.getDeclaredFields0(Native Method)
	at java.lang.Class.privateGetDeclaredFields(Class.java:2583)
	at java.lang.Class.getDeclaredFields(Class.java:1916)
	at org.springframework.util.ReflectionUtils.getDeclaredFields(ReflectionUtils.java:753)
	... 26 common frames omitted
Caused by: java.lang.ClassNotFoundException: com.zdmedtech.wms.service.RoleService
	at java.net.URLClassLoader.findClass(URLClassLoader.java:381)
	at java.lang.ClassLoader.loadClass(ClassLoader.java:424)
	at sun.misc.Launcher$AppClassLoader.loadClass(Launcher.java:331)
	at java.lang.ClassLoader.loadClass(ClassLoader.java:357)
	at org.springframework.boot.devtools.restart.classloader.RestartClassLoader.loadClass(RestartClassLoader.java:148)
	at java.lang.ClassLoader.loadClass(ClassLoader.java:357)
	... 30 common frames omitted

2018-07-13 18:54:54.363  INFO 15480 --- [restartedMain] com.zdmedtech.wms.WmsApplication         : Starting WmsApplication on ChoodeMacBook-Pro.local with PID 15480 (/Users/choostefan/Work/IdeaWorkspace/wms/target/classes started by choostefan in /Users/choostefan/Work/IdeaWorkspace/wms)
2018-07-13 18:54:54.363 DEBUG 15480 --- [restartedMain] com.zdmedtech.wms.WmsApplication         : Running with Spring Boot v2.0.3.RELEASE, Spring v5.0.7.RELEASE
2018-07-13 18:54:54.363  INFO 15480 --- [restartedMain] com.zdmedtech.wms.WmsApplication         : No active profile set, falling back to default profiles: default
2018-07-13 18:54:55.499  WARN 15480 --- [restartedMain] aWebConfiguration$JpaWebMvcConfiguration : spring.jpa.open-in-view is enabled by default. Therefore, database queries may be performed during view rendering. Explicitly configure spring.jpa.open-in-view to disable this warning
2018-07-13 18:54:55.578  INFO 15480 --- [restartedMain] com.zdmedtech.wms.WmsApplication         : Started WmsApplication in 1.263 seconds (JVM running for 641.706)
2018-07-13 18:55:15.567  INFO 15480 --- [restartedMain] com.zdmedtech.wms.WmsApplication         : Starting WmsApplication on ChoodeMacBook-Pro.local with PID 15480 (/Users/choostefan/Work/IdeaWorkspace/wms/target/classes started by choostefan in /Users/choostefan/Work/IdeaWorkspace/wms)
2018-07-13 18:55:15.568 DEBUG 15480 --- [restartedMain] com.zdmedtech.wms.WmsApplication         : Running with Spring Boot v2.0.3.RELEASE, Spring v5.0.7.RELEASE
2018-07-13 18:55:15.568  INFO 15480 --- [restartedMain] com.zdmedtech.wms.WmsApplication         : No active profile set, falling back to default profiles: default
2018-07-13 18:55:16.610  WARN 15480 --- [restartedMain] aWebConfiguration$JpaWebMvcConfiguration : spring.jpa.open-in-view is enabled by default. Therefore, database queries may be performed during view rendering. Explicitly configure spring.jpa.open-in-view to disable this warning
2018-07-13 18:55:16.687  INFO 15480 --- [restartedMain] com.zdmedtech.wms.WmsApplication         : Started WmsApplication in 1.151 seconds (JVM running for 662.817)
2018-07-13 18:56:07.050  INFO 15480 --- [restartedMain] com.zdmedtech.wms.WmsApplication         : Starting WmsApplication on ChoodeMacBook-Pro.local with PID 15480 (/Users/choostefan/Work/IdeaWorkspace/wms/target/classes started by choostefan in /Users/choostefan/Work/IdeaWorkspace/wms)
2018-07-13 18:56:07.050 DEBUG 15480 --- [restartedMain] com.zdmedtech.wms.WmsApplication         : Running with Spring Boot v2.0.3.RELEASE, Spring v5.0.7.RELEASE
2018-07-13 18:56:07.051  INFO 15480 --- [restartedMain] com.zdmedtech.wms.WmsApplication         : No active profile set, falling back to default profiles: default
2018-07-13 18:56:08.026  WARN 15480 --- [restartedMain] aWebConfiguration$JpaWebMvcConfiguration : spring.jpa.open-in-view is enabled by default. Therefore, database queries may be performed during view rendering. Explicitly configure spring.jpa.open-in-view to disable this warning
2018-07-13 18:56:08.106  INFO 15480 --- [restartedMain] com.zdmedtech.wms.WmsApplication         : Started WmsApplication in 1.082 seconds (JVM running for 714.238)
2018-07-13 18:56:32.037  INFO 15480 --- [restartedMain] com.zdmedtech.wms.WmsApplication         : Starting WmsApplication on ChoodeMacBook-Pro.local with PID 15480 (/Users/choostefan/Work/IdeaWorkspace/wms/target/classes started by choostefan in /Users/choostefan/Work/IdeaWorkspace/wms)
2018-07-13 18:56:32.038 DEBUG 15480 --- [restartedMain] com.zdmedtech.wms.WmsApplication         : Running with Spring Boot v2.0.3.RELEASE, Spring v5.0.7.RELEASE
2018-07-13 18:56:32.038  INFO 15480 --- [restartedMain] com.zdmedtech.wms.WmsApplication         : No active profile set, falling back to default profiles: default
2018-07-13 18:56:33.161  WARN 15480 --- [restartedMain] aWebConfiguration$JpaWebMvcConfiguration : spring.jpa.open-in-view is enabled by default. Therefore, database queries may be performed during view rendering. Explicitly configure spring.jpa.open-in-view to disable this warning
2018-07-13 18:56:33.283  INFO 15480 --- [restartedMain] com.zdmedtech.wms.WmsApplication         : Started WmsApplication in 1.274 seconds (JVM running for 739.416)
2018-07-13 18:57:02.350  INFO 15480 --- [restartedMain] com.zdmedtech.wms.WmsApplication         : Starting WmsApplication on ChoodeMacBook-Pro.local with PID 15480 (/Users/choostefan/Work/IdeaWorkspace/wms/target/classes started by choostefan in /Users/choostefan/Work/IdeaWorkspace/wms)
2018-07-13 18:57:02.351 DEBUG 15480 --- [restartedMain] com.zdmedtech.wms.WmsApplication         : Running with Spring Boot v2.0.3.RELEASE, Spring v5.0.7.RELEASE
2018-07-13 18:57:02.351  INFO 15480 --- [restartedMain] com.zdmedtech.wms.WmsApplication         : No active profile set, falling back to default profiles: default
2018-07-13 18:57:03.300  WARN 15480 --- [restartedMain] aWebConfiguration$JpaWebMvcConfiguration : spring.jpa.open-in-view is enabled by default. Therefore, database queries may be performed during view rendering. Explicitly configure spring.jpa.open-in-view to disable this warning
2018-07-13 18:57:03.380  INFO 15480 --- [restartedMain] com.zdmedtech.wms.WmsApplication         : Started WmsApplication in 1.058 seconds (JVM running for 769.514)
